Using pre-set license
Built from '2022.1/staging' branch; Version is '2022.1.22f1 (6b6e9fc2adda) revision 7040671'; Using compiler version '192829333'; Build Type 'Release'
OS: 'Windows 10  (10.0.19043) 64bit Core' Language: 'en' Physical Memory: 65335 MB
BatchMode: 1, IsHumanControllingUs: 0, StartBugReporterOnCrash: 0, Is64bit: 1, IsPro: 1

COMMAND LINE ARGUMENTS:
C:\Program Files\Unity\Hub\Editor\2022.1.22f1\Editor\Unity.exe
-adb2
-batchMode
-noUpm
-name
AssetImportWorker5
-projectPath
C:/Users/trist/Unity Projects/Dark Souls YouTube Tutorial
-logFile
Logs/AssetImportWorker5.log
-srvPort
60625
Successfully changed project path to: C:/Users/trist/Unity Projects/Dark Souls YouTube Tutorial
C:/Users/trist/Unity Projects/Dark Souls YouTube Tutorial
[UnityMemory] Configuration Parameters - Can be set up in boot.config
    "memorysetup-bucket-allocator-granularity=16"
    "memorysetup-bucket-allocator-bucket-count=8"
    "memorysetup-bucket-allocator-block-size=33554432"
    "memorysetup-bucket-allocator-block-count=8"
    "memorysetup-main-allocator-block-size=16777216"
    "memorysetup-thread-allocator-block-size=16777216"
    "memorysetup-gfx-main-allocator-block-size=16777216"
    "memorysetup-gfx-thread-allocator-block-size=16777216"
    "memorysetup-cache-allocator-block-size=4194304"
    "memorysetup-typetree-allocator-block-size=2097152"
    "memorysetup-profiler-bucket-allocator-granularity=16"
    "memorysetup-profiler-bucket-allocator-bucket-count=8"
    "memorysetup-profiler-bucket-allocator-block-size=33554432"
    "memorysetup-profiler-bucket-allocator-block-count=8"
    "memorysetup-profiler-allocator-block-size=16777216"
    "memorysetup-profiler-editor-allocator-block-size=1048576"
    "memorysetup-temp-allocator-size-main=16777216"
    "memorysetup-job-temp-allocator-block-size=2097152"
    "memorysetup-job-temp-allocator-block-size-background=1048576"
    "memorysetup-job-temp-allocator-reduction-small-platforms=262144"
    "memorysetup-temp-allocator-size-background-worker=32768"
    "memorysetup-temp-allocator-size-job-worker=262144"
    "memorysetup-temp-allocator-size-preload-manager=33554432"
    "memorysetup-temp-allocator-size-nav-mesh-worker=65536"
    "memorysetup-temp-allocator-size-audio-worker=65536"
    "memorysetup-temp-allocator-size-cloud-worker=32768"
    "memorysetup-temp-allocator-size-gi-baking-worker=262144"
    "memorysetup-temp-allocator-size-gfx=262144"
Refreshing native plugins compatible for Editor in 71.70 ms, found 3 plugins.
Preloading 0 native plugins for Editor in 0.00 ms.
Initialize engine version: 2022.1.22f1 (6b6e9fc2adda)
[Subsystems] Discovering subsystems at path C:/Program Files/Unity/Hub/Editor/2022.1.22f1/Editor/Data/Resources/UnitySubsystems
[Subsystems] Discovering subsystems at path C:/Users/trist/Unity Projects/Dark Souls YouTube Tutorial/Assets
GfxDevice: creating device client; threaded=0; jobified=0
Direct3D:
    Version:  Direct3D 11.0 [level 11.1]
    Renderer: Radeon RX 570 Series (ID=0x67df)
    Vendor:   ATI
    VRAM:     8172 MB
    Driver:   26.20.13002.133
Initialize mono
Mono path[0] = 'C:/Program Files/Unity/Hub/Editor/2022.1.22f1/Editor/Data/Managed'
Mono path[1] = 'C:/Program Files/Unity/Hub/Editor/2022.1.22f1/Editor/Data/MonoBleedingEdge/lib/mono/unityjit-win32'
Mono config path = 'C:/Program Files/Unity/Hub/Editor/2022.1.22f1/Editor/Data/MonoBleedingEdge/etc'
Using monoOptions --debugger-agent=transport=dt_socket,embedding=1,server=y,suspend=n,address=127.0.0.1:56828
Begin MonoManager ReloadAssembly
Registering precompiled unity dll's ...
Register platform support module: C:/Program Files/Unity/Hub/Editor/2022.1.22f1/Editor/Data/PlaybackEngines/WindowsStandaloneSupport/UnityEditor.WindowsStandalone.Extensions.dll
Register platform support module: C:/Program Files/Unity/Hub/Editor/2022.1.22f1/Editor/Data/PlaybackEngines/MetroSupport/UnityEditor.UWP.Extensions.dll
Registered in 0.006204 seconds.
Native extension for UWP target not found
Native extension for WindowsStandalone target not found
Refreshing native plugins compatible for Editor in 70.24 ms, found 3 plugins.
Preloading 0 native plugins for Editor in 0.00 ms.
Mono: successfully reloaded assembly
- Completed reload, in  0.520 seconds
Domain Reload Profiling:
	ReloadAssembly (520ms)
		BeginReloadAssembly (57ms)
			ExecutionOrderSort (0ms)
			DisableScriptedObjects (0ms)
			BackupInstance (0ms)
			ReleaseScriptingObjects (0ms)
			CreateAndSetChildDomain (1ms)
		EndReloadAssembly (375ms)
			LoadAssemblies (56ms)
			RebuildTransferFunctionScriptingTraits (0ms)
			SetupTypeCache (88ms)
				TypeCache.Initialize (87ms)
					TypeCache.ScanAssembly (86ms)
				ResolveRequiredComponents (0ms)
			ReleaseScriptCaches (0ms)
			RebuildScriptCaches (23ms)
			SetupLoadedEditorAssemblies (222ms)
				LogAssemblyErrors (0ms)
				InitializePlatformSupportModulesInManaged (7ms)
				SetLoadedEditorAssemblies (5ms)
				RefreshPlugins (70ms)
				BeforeProcessingInitializeOnLoad (1ms)
				ProcessInitializeOnLoadAttributes (104ms)
				ProcessInitializeOnLoadMethodAttributes (33ms)
				AfterProcessingInitializeOnLoad (0ms)
				EditorAssembliesLoaded (0ms)
			ExecutionOrderSort2 (0ms)
			AwakeInstancesAfterBackupRestoration (0ms)
Platform modules already initialized, skipping
Registering precompiled user dll's ...
Registered in 0.004459 seconds.
Begin MonoManager ReloadAssembly
Symbol file LoadedFromMemory doesn't match image C:\Users\trist\Unity Projects\Dark Souls YouTube Tutorial\Library\PackageCache\com.unity.visualscripting@1.7.8\Editor\VisualScripting.Core\Dependencies\YamlDotNet\Unity.VisualScripting.YamlDotNet.dll
Symbol file LoadedFromMemory doesn't match image C:\Users\trist\Unity Projects\Dark Souls YouTube Tutorial\Library\PackageCache\com.unity.visualscripting@1.7.8\Editor\VisualScripting.Core\Dependencies\DotNetZip\Unity.VisualScripting.IonicZip.dll
Native extension for UWP target not found
Native extension for WindowsStandalone target not found
Refreshing native plugins compatible for Editor in 65.92 ms, found 3 plugins.
Preloading 0 native plugins for Editor in 0.00 ms.
Mono: successfully reloaded assembly
- Completed reload, in  0.942 seconds
Domain Reload Profiling:
	ReloadAssembly (943ms)
		BeginReloadAssembly (88ms)
			ExecutionOrderSort (0ms)
			DisableScriptedObjects (4ms)
			BackupInstance (0ms)
			ReleaseScriptingObjects (0ms)
			CreateAndSetChildDomain (15ms)
		EndReloadAssembly (762ms)
			LoadAssemblies (65ms)
			RebuildTransferFunctionScriptingTraits (0ms)
			SetupTypeCache (218ms)
				TypeCache.Initialize (214ms)
					TypeCache.ScanAssembly (210ms)
				ResolveRequiredComponents (4ms)
			ReleaseScriptCaches (1ms)
			RebuildScriptCaches (40ms)
			SetupLoadedEditorAssemblies (398ms)
				LogAssemblyErrors (0ms)
				InitializePlatformSupportModulesInManaged (4ms)
				SetLoadedEditorAssemblies (5ms)
				RefreshPlugins (66ms)
				BeforeProcessingInitializeOnLoad (66ms)
				ProcessInitializeOnLoadAttributes (230ms)
				ProcessInitializeOnLoadMethodAttributes (20ms)
				AfterProcessingInitializeOnLoad (7ms)
				EditorAssembliesLoaded (0ms)
			ExecutionOrderSort2 (0ms)
			AwakeInstancesAfterBackupRestoration (4ms)
Platform modules already initialized, skipping
========================================================================
Worker process is ready to serve import requests
Launched and connected shader compiler UnityShaderCompiler.exe after 0.03 seconds
Refreshing native plugins compatible for Editor in 0.62 ms, found 3 plugins.
Preloading 0 native plugins for Editor in 0.00 ms.
Unloading 3828 Unused Serialized files (Serialized files now loaded: 0)
Unloading 29 unused Assets / (60.3 KB). Loaded Objects now: 4309.
Memory consumption went from 0.60 GB to 0.60 GB.
Total: 2.634300 ms (FindLiveObjects: 0.257800 ms CreateObjectMapping: 0.210000 ms MarkObjects: 2.098600 ms  DeleteObjects: 0.067300 ms)

AssetImportParameters requested are different than current active one (requested -> active):
  custom:video-decoder-ogg-theora: a1e56fd34408186e4bbccfd4996cb3dc -> 
  custom:container-muxer-webm: aa71ff27fc2769a1b78a27578f13a17b -> 
  custom:container-demuxer-webm: 4f35f7cbe854078d1ac9338744f61a02 -> 
  custom:video-encoder-webm-vp8: eb34c28f22e8b96e1ab97ce403110664 -> 
  custom:audio-encoder-webm-vorbis: bf7c407c2cedff20999df2af8eb42d56 -> 
  custom:framework-win-MediaFoundation: 216162199b28c13a410421893ffa2e32 -> 
  custom:container-demuxer-ogg: 62fdf1f143b41e24485cea50d1cbac27 -> 
  custom:video-decoder-webm-vp8: 9c59270c3fd7afecdb556c50c9e8de78 -> 
  custom:audio-decoder-ogg-vorbis: bf7c407c2cedff20999df2af8eb42d56 -> 
========================================================================
Received Import Request.
  Time since last request: 16156.253869 seconds.
  path: Assets/Polytope Studio/Lowpoly Medieval Environments/Sources/Textures/PT_Poppy_01.png
  artifactKey: Guid(e0eab39b8993b684dbb9800cf1151d33) Importer(815301076,1909f56bfc062723c751e8b465ee728b)
Start importing Assets/Polytope Studio/Lowpoly Medieval Environments/Sources/Textures/PT_Poppy_01.png using Guid(e0eab39b8993b684dbb9800cf1151d33) Importer(815301076,1909f56bfc062723c751e8b465ee728b)  -> (artifact id: '62b0ffcc48635467f4de23ea4d0ee23a') in 0.065087 seconds 
========================================================================
Received Import Request.
  Time since last request: 246.774125 seconds.
  path: Assets/Blink/Art/Textures/StylizedIceTextures/Ice_3/Ice_3.mat
  artifactKey: Guid(4726dff4cff57a24ca896214d4885bbc) Importer(815301076,1909f56bfc062723c751e8b465ee728b)
Start importing Assets/Blink/Art/Textures/StylizedIceTextures/Ice_3/Ice_3.mat using Guid(4726dff4cff57a24ca896214d4885bbc) Importer(815301076,1909f56bfc062723c751e8b465ee728b)  -> (artifact id: '6506c30fe2d11fb26642ac89c9973beb') in 0.197766 seconds 
========================================================================
Received Prepare
Registering precompiled user dll's ...
Registered in 0.004679 seconds.
Begin MonoManager ReloadAssembly
Symbol file LoadedFromMemory doesn't match image C:\Users\trist\Unity Projects\Dark Souls YouTube Tutorial\Library\PackageCache\com.unity.visualscripting@1.7.8\Editor\VisualScripting.Core\Dependencies\YamlDotNet\Unity.VisualScripting.YamlDotNet.dll
Symbol file LoadedFromMemory doesn't match image C:\Users\trist\Unity Projects\Dark Souls YouTube Tutorial\Library\PackageCache\com.unity.visualscripting@1.7.8\Editor\VisualScripting.Core\Dependencies\DotNetZip\Unity.VisualScripting.IonicZip.dll
Native extension for UWP target not found
Native extension for WindowsStandalone target not found
Refreshing native plugins compatible for Editor in 0.67 ms, found 3 plugins.
Preloading 0 native plugins for Editor in 0.00 ms.
Mono: successfully reloaded assembly
- Completed reload, in  0.874 seconds
Domain Reload Profiling:
	ReloadAssembly (874ms)
		BeginReloadAssembly (109ms)
			ExecutionOrderSort (0ms)
			DisableScriptedObjects (3ms)
			BackupInstance (0ms)
			ReleaseScriptingObjects (0ms)
			CreateAndSetChildDomain (31ms)
		EndReloadAssembly (687ms)
			LoadAssemblies (67ms)
			RebuildTransferFunctionScriptingTraits (0ms)
			SetupTypeCache (223ms)
				TypeCache.Initialize (220ms)
					TypeCache.ScanAssembly (214ms)
				ResolveRequiredComponents (4ms)
			ReleaseScriptCaches (1ms)
			RebuildScriptCaches (37ms)
			SetupLoadedEditorAssemblies (314ms)
				LogAssemblyErrors (0ms)
				InitializePlatformSupportModulesInManaged (12ms)
				SetLoadedEditorAssemblies (6ms)
				RefreshPlugins (1ms)
				BeforeProcessingInitializeOnLoad (53ms)
				ProcessInitializeOnLoadAttributes (211ms)
				ProcessInitializeOnLoadMethodAttributes (24ms)
				AfterProcessingInitializeOnLoad (7ms)
				EditorAssembliesLoaded (0ms)
			ExecutionOrderSort2 (0ms)
			AwakeInstancesAfterBackupRestoration (5ms)
Platform modules already initialized, skipping
Refreshing native plugins compatible for Editor in 1.87 ms, found 3 plugins.
Preloading 0 native plugins for Editor in 0.00 ms.
Unloading 3810 Unused Serialized files (Serialized files now loaded: 0)
Unloading 20 unused Assets / (25.5 KB). Loaded Objects now: 4355.
Memory consumption went from 0.60 GB to 0.60 GB.
Total: 3.317200 ms (FindLiveObjects: 0.285700 ms CreateObjectMapping: 0.211700 ms MarkObjects: 2.789400 ms  DeleteObjects: 0.029500 ms)

AssetImportParameters requested are different than current active one (requested -> active):
  custom:video-decoder-ogg-theora: a1e56fd34408186e4bbccfd4996cb3dc -> 
  custom:container-muxer-webm: aa71ff27fc2769a1b78a27578f13a17b -> 
  custom:container-demuxer-webm: 4f35f7cbe854078d1ac9338744f61a02 -> 
  custom:video-encoder-webm-vp8: eb34c28f22e8b96e1ab97ce403110664 -> 
  custom:audio-encoder-webm-vorbis: bf7c407c2cedff20999df2af8eb42d56 -> 
  custom:framework-win-MediaFoundation: 216162199b28c13a410421893ffa2e32 -> 
  custom:container-demuxer-ogg: 62fdf1f143b41e24485cea50d1cbac27 -> 
  custom:video-decoder-webm-vp8: 9c59270c3fd7afecdb556c50c9e8de78 -> 
  custom:audio-decoder-ogg-vorbis: bf7c407c2cedff20999df2af8eb42d56 -> 
========================================================================
Received Prepare
Registering precompiled user dll's ...
Registered in 0.004875 seconds.
Begin MonoManager ReloadAssembly
Symbol file LoadedFromMemory doesn't match image C:\Users\trist\Unity Projects\Dark Souls YouTube Tutorial\Library\PackageCache\com.unity.visualscripting@1.7.8\Editor\VisualScripting.Core\Dependencies\YamlDotNet\Unity.VisualScripting.YamlDotNet.dll
Symbol file LoadedFromMemory doesn't match image C:\Users\trist\Unity Projects\Dark Souls YouTube Tutorial\Library\PackageCache\com.unity.visualscripting@1.7.8\Editor\VisualScripting.Core\Dependencies\DotNetZip\Unity.VisualScripting.IonicZip.dll
Native extension for UWP target not found
Native extension for WindowsStandalone target not found
Refreshing native plugins compatible for Editor in 0.79 ms, found 3 plugins.
Preloading 0 native plugins for Editor in 0.00 ms.
Mono: successfully reloaded assembly
- Completed reload, in  0.898 seconds
Domain Reload Profiling:
	ReloadAssembly (899ms)
		BeginReloadAssembly (113ms)
			ExecutionOrderSort (0ms)
			DisableScriptedObjects (4ms)
			BackupInstance (0ms)
			ReleaseScriptingObjects (0ms)
			CreateAndSetChildDomain (30ms)
		EndReloadAssembly (705ms)
			LoadAssemblies (71ms)
			RebuildTransferFunctionScriptingTraits (0ms)
			SetupTypeCache (233ms)
				TypeCache.Initialize (227ms)
					TypeCache.ScanAssembly (220ms)
				ResolveRequiredComponents (6ms)
			ReleaseScriptCaches (1ms)
			RebuildScriptCaches (35ms)
			SetupLoadedEditorAssemblies (318ms)
				LogAssemblyErrors (0ms)
				InitializePlatformSupportModulesInManaged (13ms)
				SetLoadedEditorAssemblies (6ms)
				RefreshPlugins (1ms)
				BeforeProcessingInitializeOnLoad (53ms)
				ProcessInitializeOnLoadAttributes (215ms)
				ProcessInitializeOnLoadMethodAttributes (23ms)
				AfterProcessingInitializeOnLoad (6ms)
				EditorAssembliesLoaded (0ms)
			ExecutionOrderSort2 (0ms)
			AwakeInstancesAfterBackupRestoration (5ms)
Platform modules already initialized, skipping
Refreshing native plugins compatible for Editor in 1.74 ms, found 3 plugins.
Preloading 0 native plugins for Editor in 0.00 ms.
Unloading 3811 Unused Serialized files (Serialized files now loaded: 0)
Unloading 20 unused Assets / (32.6 KB). Loaded Objects now: 4358.
Memory consumption went from 0.60 GB to 0.60 GB.
Total: 3.251800 ms (FindLiveObjects: 0.280300 ms CreateObjectMapping: 0.289700 ms MarkObjects: 2.653900 ms  DeleteObjects: 0.026700 ms)

AssetImportParameters requested are different than current active one (requested -> active):
  custom:video-decoder-ogg-theora: a1e56fd34408186e4bbccfd4996cb3dc -> 
  custom:container-muxer-webm: aa71ff27fc2769a1b78a27578f13a17b -> 
  custom:container-demuxer-webm: 4f35f7cbe854078d1ac9338744f61a02 -> 
  custom:video-encoder-webm-vp8: eb34c28f22e8b96e1ab97ce403110664 -> 
  custom:audio-encoder-webm-vorbis: bf7c407c2cedff20999df2af8eb42d56 -> 
  custom:framework-win-MediaFoundation: 216162199b28c13a410421893ffa2e32 -> 
  custom:container-demuxer-ogg: 62fdf1f143b41e24485cea50d1cbac27 -> 
  custom:video-decoder-webm-vp8: 9c59270c3fd7afecdb556c50c9e8de78 -> 
  custom:audio-decoder-ogg-vorbis: bf7c407c2cedff20999df2af8eb42d56 -> 
========================================================================
Received Prepare
Registering precompiled user dll's ...
Registered in 0.004785 seconds.
Begin MonoManager ReloadAssembly
Symbol file LoadedFromMemory doesn't match image C:\Users\trist\Unity Projects\Dark Souls YouTube Tutorial\Library\PackageCache\com.unity.visualscripting@1.7.8\Editor\VisualScripting.Core\Dependencies\YamlDotNet\Unity.VisualScripting.YamlDotNet.dll
Symbol file LoadedFromMemory doesn't match image C:\Users\trist\Unity Projects\Dark Souls YouTube Tutorial\Library\PackageCache\com.unity.visualscripting@1.7.8\Editor\VisualScripting.Core\Dependencies\DotNetZip\Unity.VisualScripting.IonicZip.dll
Native extension for UWP target not found
Native extension for WindowsStandalone target not found
Refreshing native plugins compatible for Editor in 0.81 ms, found 3 plugins.
Preloading 0 native plugins for Editor in 0.00 ms.
Mono: successfully reloaded assembly
- Completed reload, in  0.893 seconds
Domain Reload Profiling:
	ReloadAssembly (893ms)
		BeginReloadAssembly (110ms)
			ExecutionOrderSort (0ms)
			DisableScriptedObjects (4ms)
			BackupInstance (0ms)
			ReleaseScriptingObjects (0ms)
			CreateAndSetChildDomain (31ms)
		EndReloadAssembly (706ms)
			LoadAssemblies (69ms)
			RebuildTransferFunctionScriptingTraits (0ms)
			SetupTypeCache (227ms)
				TypeCache.Initialize (223ms)
					TypeCache.ScanAssembly (216ms)
				ResolveRequiredComponents (4ms)
			ReleaseScriptCaches (1ms)
			RebuildScriptCaches (35ms)
			SetupLoadedEditorAssemblies (330ms)
				LogAssemblyErrors (0ms)
				InitializePlatformSupportModulesInManaged (11ms)
				SetLoadedEditorAssemblies (6ms)
				RefreshPlugins (1ms)
				BeforeProcessingInitializeOnLoad (60ms)
				ProcessInitializeOnLoadAttributes (222ms)
				ProcessInitializeOnLoadMethodAttributes (23ms)
				AfterProcessingInitializeOnLoad (7ms)
				EditorAssembliesLoaded (0ms)
			ExecutionOrderSort2 (0ms)
			AwakeInstancesAfterBackupRestoration (5ms)
Platform modules already initialized, skipping
Refreshing native plugins compatible for Editor in 1.63 ms, found 3 plugins.
Preloading 0 native plugins for Editor in 0.00 ms.
Unloading 3811 Unused Serialized files (Serialized files now loaded: 0)
Unloading 20 unused Assets / (32.5 KB). Loaded Objects now: 4361.
Memory consumption went from 0.60 GB to 0.60 GB.
Total: 2.854500 ms (FindLiveObjects: 0.328900 ms CreateObjectMapping: 0.221000 ms MarkObjects: 2.286000 ms  DeleteObjects: 0.017900 ms)

AssetImportParameters requested are different than current active one (requested -> active):
  custom:video-decoder-ogg-theora: a1e56fd34408186e4bbccfd4996cb3dc -> 
  custom:container-muxer-webm: aa71ff27fc2769a1b78a27578f13a17b -> 
  custom:container-demuxer-webm: 4f35f7cbe854078d1ac9338744f61a02 -> 
  custom:video-encoder-webm-vp8: eb34c28f22e8b96e1ab97ce403110664 -> 
  custom:audio-encoder-webm-vorbis: bf7c407c2cedff20999df2af8eb42d56 -> 
  custom:framework-win-MediaFoundation: 216162199b28c13a410421893ffa2e32 -> 
  custom:container-demuxer-ogg: 62fdf1f143b41e24485cea50d1cbac27 -> 
  custom:video-decoder-webm-vp8: 9c59270c3fd7afecdb556c50c9e8de78 -> 
  custom:audio-decoder-ogg-vorbis: bf7c407c2cedff20999df2af8eb42d56 -> 
========================================================================
Received Prepare
Registering precompiled user dll's ...
Registered in 0.004692 seconds.
Begin MonoManager ReloadAssembly
Symbol file LoadedFromMemory doesn't match image C:\Users\trist\Unity Projects\Dark Souls YouTube Tutorial\Library\PackageCache\com.unity.visualscripting@1.7.8\Editor\VisualScripting.Core\Dependencies\YamlDotNet\Unity.VisualScripting.YamlDotNet.dll
Symbol file LoadedFromMemory doesn't match image C:\Users\trist\Unity Projects\Dark Souls YouTube Tutorial\Library\PackageCache\com.unity.visualscripting@1.7.8\Editor\VisualScripting.Core\Dependencies\DotNetZip\Unity.VisualScripting.IonicZip.dll
Native extension for UWP target not found
Native extension for WindowsStandalone target not found
Refreshing native plugins compatible for Editor in 0.81 ms, found 3 plugins.
Preloading 0 native plugins for Editor in 0.00 ms.
Mono: successfully reloaded assembly
- Completed reload, in  0.889 seconds
Domain Reload Profiling:
	ReloadAssembly (890ms)
		BeginReloadAssembly (106ms)
			ExecutionOrderSort (0ms)
			DisableScriptedObjects (4ms)
			BackupInstance (0ms)
			ReleaseScriptingObjects (0ms)
			CreateAndSetChildDomain (28ms)
		EndReloadAssembly (705ms)
			LoadAssemblies (70ms)
			RebuildTransferFunctionScriptingTraits (0ms)
			SetupTypeCache (231ms)
				TypeCache.Initialize (227ms)
					TypeCache.ScanAssembly (222ms)
				ResolveRequiredComponents (4ms)
			ReleaseScriptCaches (1ms)
			RebuildScriptCaches (35ms)
			SetupLoadedEditorAssemblies (319ms)
				LogAssemblyErrors (0ms)
				InitializePlatformSupportModulesInManaged (11ms)
				SetLoadedEditorAssemblies (6ms)
				RefreshPlugins (1ms)
				BeforeProcessingInitializeOnLoad (54ms)
				ProcessInitializeOnLoadAttributes (217ms)
				ProcessInitializeOnLoadMethodAttributes (23ms)
				AfterProcessingInitializeOnLoad (7ms)
				EditorAssembliesLoaded (0ms)
			ExecutionOrderSort2 (0ms)
			AwakeInstancesAfterBackupRestoration (5ms)
Platform modules already initialized, skipping
Refreshing native plugins compatible for Editor in 1.64 ms, found 3 plugins.
Preloading 0 native plugins for Editor in 0.00 ms.
Unloading 3811 Unused Serialized files (Serialized files now loaded: 0)
Unloading 20 unused Assets / (32.5 KB). Loaded Objects now: 4364.
Memory consumption went from 0.60 GB to 0.60 GB.
Total: 2.670900 ms (FindLiveObjects: 0.268700 ms CreateObjectMapping: 0.200600 ms MarkObjects: 2.181100 ms  DeleteObjects: 0.019900 ms)

AssetImportParameters requested are different than current active one (requested -> active):
  custom:video-decoder-ogg-theora: a1e56fd34408186e4bbccfd4996cb3dc -> 
  custom:container-muxer-webm: aa71ff27fc2769a1b78a27578f13a17b -> 
  custom:container-demuxer-webm: 4f35f7cbe854078d1ac9338744f61a02 -> 
  custom:video-encoder-webm-vp8: eb34c28f22e8b96e1ab97ce403110664 -> 
  custom:audio-encoder-webm-vorbis: bf7c407c2cedff20999df2af8eb42d56 -> 
  custom:framework-win-MediaFoundation: 216162199b28c13a410421893ffa2e32 -> 
  custom:container-demuxer-ogg: 62fdf1f143b41e24485cea50d1cbac27 -> 
  custom:video-decoder-webm-vp8: 9c59270c3fd7afecdb556c50c9e8de78 -> 
  custom:audio-decoder-ogg-vorbis: bf7c407c2cedff20999df2af8eb42d56 -> 
========================================================================
Received Import Request.
  Time since last request: 381.035461 seconds.
  path: Assets/Ventuar/RPGWeaponsPack - DEMO/FileAssets/Models/WoodenShield.fbx
  artifactKey: Guid(319c6103c2a13d344b5a5d494e4efcbb) Importer(815301076,1909f56bfc062723c751e8b465ee728b)
Start importing Assets/Ventuar/RPGWeaponsPack - DEMO/FileAssets/Models/WoodenShield.fbx using Guid(319c6103c2a13d344b5a5d494e4efcbb) Importer(815301076,1909f56bfc062723c751e8b465ee728b)  -> (artifact id: '8a4c1bf02a21c06af14f2f063f7c3644') in 0.080889 seconds 
========================================================================
Received Prepare
Registering precompiled user dll's ...
Registered in 0.004343 seconds.
Begin MonoManager ReloadAssembly
Symbol file LoadedFromMemory doesn't match image C:\Users\trist\Unity Projects\Dark Souls YouTube Tutorial\Library\PackageCache\com.unity.visualscripting@1.7.8\Editor\VisualScripting.Core\Dependencies\YamlDotNet\Unity.VisualScripting.YamlDotNet.dll
Symbol file LoadedFromMemory doesn't match image C:\Users\trist\Unity Projects\Dark Souls YouTube Tutorial\Library\PackageCache\com.unity.visualscripting@1.7.8\Editor\VisualScripting.Core\Dependencies\DotNetZip\Unity.VisualScripting.IonicZip.dll
Native extension for UWP target not found
Native extension for WindowsStandalone target not found
Refreshing native plugins compatible for Editor in 0.62 ms, found 3 plugins.
Preloading 0 native plugins for Editor in 0.00 ms.
Mono: successfully reloaded assembly
- Completed reload, in  0.895 seconds
Domain Reload Profiling:
	ReloadAssembly (895ms)
		BeginReloadAssembly (110ms)
			ExecutionOrderSort (0ms)
			DisableScriptedObjects (4ms)
			BackupInstance (0ms)
			ReleaseScriptingObjects (0ms)
			CreateAndSetChildDomain (31ms)
		EndReloadAssembly (708ms)
			LoadAssemblies (67ms)
			RebuildTransferFunctionScriptingTraits (0ms)
			SetupTypeCache (240ms)
				TypeCache.Initialize (236ms)
					TypeCache.ScanAssembly (230ms)
				ResolveRequiredComponents (4ms)
			ReleaseScriptCaches (1ms)
			RebuildScriptCaches (36ms)
			SetupLoadedEditorAssemblies (319ms)
				LogAssemblyErrors (0ms)
				InitializePlatformSupportModulesInManaged (11ms)
				SetLoadedEditorAssemblies (5ms)
				RefreshPlugins (1ms)
				BeforeProcessingInitializeOnLoad (53ms)
				ProcessInitializeOnLoadAttributes (218ms)
				ProcessInitializeOnLoadMethodAttributes (24ms)
				AfterProcessingInitializeOnLoad (7ms)
				EditorAssembliesLoaded (0ms)
			ExecutionOrderSort2 (0ms)
			AwakeInstancesAfterBackupRestoration (5ms)
Platform modules already initialized, skipping
Refreshing native plugins compatible for Editor in 1.65 ms, found 3 plugins.
Preloading 0 native plugins for Editor in 0.00 ms.
Unloading 3810 Unused Serialized files (Serialized files now loaded: 0)
Unloading 19 unused Assets / (24.7 KB). Loaded Objects now: 4371.
Memory consumption went from 0.60 GB to 0.60 GB.
Total: 2.603300 ms (FindLiveObjects: 0.312500 ms CreateObjectMapping: 0.256900 ms MarkObjects: 2.020100 ms  DeleteObjects: 0.013000 ms)

AssetImportParameters requested are different than current active one (requested -> active):
  custom:video-decoder-ogg-theora: a1e56fd34408186e4bbccfd4996cb3dc -> 
  custom:container-muxer-webm: aa71ff27fc2769a1b78a27578f13a17b -> 
  custom:container-demuxer-webm: 4f35f7cbe854078d1ac9338744f61a02 -> 
  custom:video-encoder-webm-vp8: eb34c28f22e8b96e1ab97ce403110664 -> 
  custom:audio-encoder-webm-vorbis: bf7c407c2cedff20999df2af8eb42d56 -> 
  custom:framework-win-MediaFoundation: 216162199b28c13a410421893ffa2e32 -> 
  custom:container-demuxer-ogg: 62fdf1f143b41e24485cea50d1cbac27 -> 
  custom:video-decoder-webm-vp8: 9c59270c3fd7afecdb556c50c9e8de78 -> 
  custom:audio-decoder-ogg-vorbis: bf7c407c2cedff20999df2af8eb42d56 -> 
========================================================================
Received Import Request.
  Time since last request: 729.028621 seconds.
  path: Assets/StylizedCharacter/Meshes/Item/Weapons/Sword/SK_Sword_2H_Newbie_01.fbx
  artifactKey: Guid(f5dde26fa219401da203994748201f70) Importer(815301076,1909f56bfc062723c751e8b465ee728b)
Start importing Assets/StylizedCharacter/Meshes/Item/Weapons/Sword/SK_Sword_2H_Newbie_01.fbx using Guid(f5dde26fa219401da203994748201f70) Importer(815301076,1909f56bfc062723c751e8b465ee728b)  -> (artifact id: 'c94e1905060b9f11d4e73a342baac867') in 0.090303 seconds 
========================================================================
Received Import Request.
  Time since last request: 0.908924 seconds.
  path: Assets/StylizedCharacter/Meshes/Item/Weapons/Staff/SK_Staff_Newbie_04.fbx
  artifactKey: Guid(4de693fade2d4b0c90134653fe93656d) Importer(815301076,1909f56bfc062723c751e8b465ee728b)
Start importing Assets/StylizedCharacter/Meshes/Item/Weapons/Staff/SK_Staff_Newbie_04.fbx using Guid(4de693fade2d4b0c90134653fe93656d) Importer(815301076,1909f56bfc062723c751e8b465ee728b)  -> (artifact id: '03497c050b300aefd4d6cc0fc915169d') in 0.025913 seconds 
========================================================================
Received Import Request.
  Time since last request: 0.078981 seconds.
  path: Assets/StylizedCharacter/Meshes/Item/Weapons/Staff/SK_Staff_Newbie_02.fbx
  artifactKey: Guid(940524b0c3264329afdd54a42baf0398) Importer(815301076,1909f56bfc062723c751e8b465ee728b)
Start importing Assets/StylizedCharacter/Meshes/Item/Weapons/Staff/SK_Staff_Newbie_02.fbx using Guid(940524b0c3264329afdd54a42baf0398) Importer(815301076,1909f56bfc062723c751e8b465ee728b)  -> (artifact id: 'b163825a0c75863098e8c2e31ac9d539') in 0.026436 seconds 
========================================================================
Received Import Request.
  Time since last request: 6.981454 seconds.
  path: Assets/Ventuar/RPGWeaponsPack - DEMO/FileAssets/Models/SpikedHammer.fbx
  artifactKey: Guid(fbf90c1509d48aa4bad8c8e1c27c5855) Importer(815301076,1909f56bfc062723c751e8b465ee728b)
Start importing Assets/Ventuar/RPGWeaponsPack - DEMO/FileAssets/Models/SpikedHammer.fbx using Guid(fbf90c1509d48aa4bad8c8e1c27c5855) Importer(815301076,1909f56bfc062723c751e8b465ee728b)  -> (artifact id: 'b80b1fad6c2f73f906002afd57365bca') in 0.016518 seconds 
========================================================================
Received Import Request.
  Time since last request: 0.623230 seconds.
  path: Assets/StylizedCharacter/Meshes/Item/Weapons/Shield/SK_Shield_Newbie_02.fbx
  artifactKey: Guid(8b970163f8a64be381643679134c3a85) Importer(815301076,1909f56bfc062723c751e8b465ee728b)
Start importing Assets/StylizedCharacter/Meshes/Item/Weapons/Shield/SK_Shield_Newbie_02.fbx using Guid(8b970163f8a64be381643679134c3a85) Importer(815301076,1909f56bfc062723c751e8b465ee728b)  -> (artifact id: 'a6850b27e5e2fae98c8b255bbc87a55e') in 0.027804 seconds 
========================================================================
Received Import Request.
  Time since last request: 1.248785 seconds.
  path: Assets/Polytope Studio/Lowpoly Medieval Props/Sources/Meshes/PT_Medieval_Wooden_Cross_03.fbx
  artifactKey: Guid(ac90ef2d1ec148541ad029c9f985d187) Importer(815301076,1909f56bfc062723c751e8b465ee728b)
Start importing Assets/Polytope Studio/Lowpoly Medieval Props/Sources/Meshes/PT_Medieval_Wooden_Cross_03.fbx using Guid(ac90ef2d1ec148541ad029c9f985d187) Importer(815301076,1909f56bfc062723c751e8b465ee728b)  -> (artifact id: 'f76b64519ce8bee895b1c6c57848e6b2') in 0.014519 seconds 
========================================================================
Received Import Request.
  Time since last request: 0.851959 seconds.
  path: Assets/Polytope Studio/Lowpoly Medieval Props/Sources/Meshes/PT_Medieval_Wooden_Cross_01.fbx
  artifactKey: Guid(2a6bd5af7ec24ed45b2181e6071372e4) Importer(815301076,1909f56bfc062723c751e8b465ee728b)
Start importing Assets/Polytope Studio/Lowpoly Medieval Props/Sources/Meshes/PT_Medieval_Wooden_Cross_01.fbx using Guid(2a6bd5af7ec24ed45b2181e6071372e4) Importer(815301076,1909f56bfc062723c751e8b465ee728b)  -> (artifact id: '1ed0c3ef84ef10438b27d7e1178c56ac') in 0.015171 seconds 
========================================================================
Received Import Request.
  Time since last request: 0.499785 seconds.
  path: Assets/Polytope Studio/Lowpoly Medieval Village/Sources/Meshes/PT_Medieval_Village_Fence_Small_02.fbx
  artifactKey: Guid(7b59b88bda535bf4e8d5db4b66e6ca46) Importer(815301076,1909f56bfc062723c751e8b465ee728b)
Start importing Assets/Polytope Studio/Lowpoly Medieval Village/Sources/Meshes/PT_Medieval_Village_Fence_Small_02.fbx using Guid(7b59b88bda535bf4e8d5db4b66e6ca46) Importer(815301076,1909f56bfc062723c751e8b465ee728b)  -> (artifact id: 'e76b43e19f7442d79df96c378f11d0a9') in 0.014870 seconds 
========================================================================
Received Import Request.
  Time since last request: 0.492739 seconds.
  path: Assets/Polytope Studio/Lowpoly Medieval Village/Sources/Meshes/PT_Medieval_Village_Fence_04.fbx
  artifactKey: Guid(faaede3d1773ae2488a568c13e10cee4) Importer(815301076,1909f56bfc062723c751e8b465ee728b)
Start importing Assets/Polytope Studio/Lowpoly Medieval Village/Sources/Meshes/PT_Medieval_Village_Fence_04.fbx using Guid(faaede3d1773ae2488a568c13e10cee4) Importer(815301076,1909f56bfc062723c751e8b465ee728b)  -> (artifact id: '4690649d2e4b9eb3f4ef4b5c4f352f3c') in 0.015057 seconds 
========================================================================
Received Import Request.
  Time since last request: 0.404536 seconds.
  path: Assets/Polytope Studio/Lowpoly Medieval Environments/Sources/Meshes/PT_Medieval_Tree_1.fbx
  artifactKey: Guid(fab0918501d63734e9a19b64c51761ac) Importer(815301076,1909f56bfc062723c751e8b465ee728b)
Start importing Assets/Polytope Studio/Lowpoly Medieval Environments/Sources/Meshes/PT_Medieval_Tree_1.fbx using Guid(fab0918501d63734e9a19b64c51761ac) Importer(815301076,1909f56bfc062723c751e8b465ee728b)  -> (artifact id: '300cf62c7697a3ba7e37f64f8f44acad') in 0.018506 seconds 
========================================================================
Received Import Request.
  Time since last request: 0.041379 seconds.
  path: Assets/Polytope Studio/Lowpoly Medieval Environments/Sources/Meshes/PT_Medieval_Small_Mound_02.fbx
  artifactKey: Guid(4601930842bab5846972b75c2b8cfd6e) Importer(815301076,1909f56bfc062723c751e8b465ee728b)
Start importing Assets/Polytope Studio/Lowpoly Medieval Environments/Sources/Meshes/PT_Medieval_Small_Mound_02.fbx using Guid(4601930842bab5846972b75c2b8cfd6e) Importer(815301076,1909f56bfc062723c751e8b465ee728b)  -> (artifact id: '6f78c6f6df508b7d355581f926e01377') in 0.016680 seconds 
========================================================================
Received Import Request.
  Time since last request: 5.176634 seconds.
  path: Assets/Polytope Studio/Lowpoly Medieval Weapons/Sources/Meshes/PT_Medieval_ShortWaraxe_01_a.fbx
  artifactKey: Guid(26d0f06f49ccffc4aa3914dcc228acab) Importer(815301076,1909f56bfc062723c751e8b465ee728b)
Start importing Assets/Polytope Studio/Lowpoly Medieval Weapons/Sources/Meshes/PT_Medieval_ShortWaraxe_01_a.fbx using Guid(26d0f06f49ccffc4aa3914dcc228acab) Importer(815301076,1909f56bfc062723c751e8b465ee728b)  -> (artifact id: '07b3d1ea80bea1952293ad4ee0840c3c') in 0.026258 seconds 
========================================================================
Received Import Request.
  Time since last request: 1.392550 seconds.
  path: Assets/Polytope Studio/Lowpoly Medieval Environments/Sources/Meshes/PT_Medieval_Rock_4.fbx
  artifactKey: Guid(a915e414ebfaeab4eaf18334efde6333) Importer(815301076,1909f56bfc062723c751e8b465ee728b)
Start importing Assets/Polytope Studio/Lowpoly Medieval Environments/Sources/Meshes/PT_Medieval_Rock_4.fbx using Guid(a915e414ebfaeab4eaf18334efde6333) Importer(815301076,1909f56bfc062723c751e8b465ee728b)  -> (artifact id: 'e25e9700da9bf713b586497d780c6f98') in 0.015432 seconds 
========================================================================
Received Import Request.
  Time since last request: 0.616134 seconds.
  path: Assets/Polytope Studio/Lowpoly Medieval Weapons/Sources/Meshes/PT_Medieval_Plague_Doctor_Wand.fbx
  artifactKey: Guid(bc629041694e5cc44b7afe2b9e82c308) Importer(815301076,1909f56bfc062723c751e8b465ee728b)
Start importing Assets/Polytope Studio/Lowpoly Medieval Weapons/Sources/Meshes/PT_Medieval_Plague_Doctor_Wand.fbx using Guid(bc629041694e5cc44b7afe2b9e82c308) Importer(815301076,1909f56bfc062723c751e8b465ee728b)  -> (artifact id: 'eee02ff5d3285b8f4d15c52c4ab6f593') in 0.015925 seconds 
========================================================================
Received Import Request.
  Time since last request: 0.391036 seconds.
  path: Assets/Polytope Studio/Lowpoly Medieval Props/Sources/Meshes/PT_Medieval_Medicine_Bottle_08.fbx
  artifactKey: Guid(cc52b1b8cae97224d9715de16fdbc135) Importer(815301076,1909f56bfc062723c751e8b465ee728b)
Start importing Assets/Polytope Studio/Lowpoly Medieval Props/Sources/Meshes/PT_Medieval_Medicine_Bottle_08.fbx using Guid(cc52b1b8cae97224d9715de16fdbc135) Importer(815301076,1909f56bfc062723c751e8b465ee728b)  -> (artifact id: '0e232029b3b47bd69565cc55488734f0') in 0.014336 seconds 
========================================================================
Received Import Request.
  Time since last request: 0.038276 seconds.
  path: Assets/Polytope Studio/Lowpoly Medieval Props/Sources/Meshes/PT_Medieval_Medicine_Bottle_06.fbx
  artifactKey: Guid(a1dba65c24e191241b2192294e5c0ed3) Importer(815301076,1909f56bfc062723c751e8b465ee728b)
Start importing Assets/Polytope Studio/Lowpoly Medieval Props/Sources/Meshes/PT_Medieval_Medicine_Bottle_06.fbx using Guid(a1dba65c24e191241b2192294e5c0ed3) Importer(815301076,1909f56bfc062723c751e8b465ee728b)  -> (artifact id: 'c110688b1853873c89f6c0659c075b29') in 0.015352 seconds 
========================================================================
Received Import Request.
  Time since last request: 0.517560 seconds.
  path: Assets/Polytope Studio/Lowpoly Medieval Props/Sources/Meshes/PT_Medieval_Medicine_Bottle_04.fbx
  artifactKey: Guid(43c79a865357279469fd7c1c4abbc95b) Importer(815301076,1909f56bfc062723c751e8b465ee728b)
Start importing Assets/Polytope Studio/Lowpoly Medieval Props/Sources/Meshes/PT_Medieval_Medicine_Bottle_04.fbx using Guid(43c79a865357279469fd7c1c4abbc95b) Importer(815301076,1909f56bfc062723c751e8b465ee728b)  -> (artifact id: '7b410ef3be3fbef3caa21f9e7bbf4e62') in 0.015268 seconds 
========================================================================
Received Import Request.
  Time since last request: 0.003851 seconds.
  path: Assets/Polytope Studio/Lowpoly Medieval Props/Sources/Meshes/PT_Medieval_Medicine_Bottle_02.fbx
  artifactKey: Guid(a4aea15db4fb75e49b736e823f231092) Importer(815301076,1909f56bfc062723c751e8b465ee728b)
Start importing Assets/Polytope Studio/Lowpoly Medieval Props/Sources/Meshes/PT_Medieval_Medicine_Bottle_02.fbx using Guid(a4aea15db4fb75e49b736e823f231092) Importer(815301076,1909f56bfc062723c751e8b465ee728b)  -> (artifact id: 'd43a35e62633ab37d9b41325277631e9') in 0.015262 seconds 
========================================================================
Received Import Request.
  Time since last request: 1.236168 seconds.
  path: Assets/Polytope Studio/Lowpoly Medieval Characters/Sources/Meshes/Separate_Parts/PT_Medieval_Male_Armor_Skeleton_01_legs.fbx
  artifactKey: Guid(538241090784a344b8e9d6b36aff6083) Importer(815301076,1909f56bfc062723c751e8b465ee728b)
Start importing Assets/Polytope Studio/Lowpoly Medieval Characters/Sources/Meshes/Separate_Parts/PT_Medieval_Male_Armor_Skeleton_01_legs.fbx using Guid(538241090784a344b8e9d6b36aff6083) Importer(815301076,1909f56bfc062723c751e8b465ee728b)  -> (artifact id: '95fbb7965e98499bc0cc6cacc85ac6de') in 0.033709 seconds 
========================================================================
Received Import Request.
  Time since last request: 0.000014 seconds.
  path: Assets/Polytope Studio/Lowpoly Medieval Characters/Sources/Meshes/Separate_Parts/PT_Medieval_Male_Armor_Skeleton_01_head.fbx
  artifactKey: Guid(f6df18248e9363a4383898ff51eb7674) Importer(815301076,1909f56bfc062723c751e8b465ee728b)
Start importing Assets/Polytope Studio/Lowpoly Medieval Characters/Sources/Meshes/Separate_Parts/PT_Medieval_Male_Armor_Skeleton_01_head.fbx using Guid(f6df18248e9363a4383898ff51eb7674) Importer(815301076,1909f56bfc062723c751e8b465ee728b)  -> (artifact id: 'e8e8e19e12a645b5e3a433eca59d7eb5') in 0.025770 seconds 
========================================================================
Received Import Request.
  Time since last request: 0.000019 seconds.
  path: Assets/Polytope Studio/Lowpoly Medieval Characters/Sources/Meshes/Separate_Parts/PT_Medieval_Male_Armor_Skeleton_01_gauntlets.fbx
  artifactKey: Guid(ee5a70625f739574b85c8936696a7d91) Importer(815301076,1909f56bfc062723c751e8b465ee728b)
Start importing Assets/Polytope Studio/Lowpoly Medieval Characters/Sources/Meshes/Separate_Parts/PT_Medieval_Male_Armor_Skeleton_01_gauntlets.fbx using Guid(ee5a70625f739574b85c8936696a7d91) Importer(815301076,1909f56bfc062723c751e8b465ee728b)  -> (artifact id: 'af2ca57c5025638bb32d6856fe4d3d2e') in 0.024912 seconds 
========================================================================
Received Import Request.
  Time since last request: 0.605956 seconds.
  path: Assets/Polytope Studio/Lowpoly Medieval Characters/Sources/Modular_Armors/Meshes/Separate_Parts/PT_Medieval_Male_Armor_naked_00_legs.fbx
  artifactKey: Guid(b458c6e927d4f74409a8c85099064d07) Importer(815301076,1909f56bfc062723c751e8b465ee728b)
Start importing Assets/Polytope Studio/Lowpoly Medieval Characters/Sources/Modular_Armors/Meshes/Separate_Parts/PT_Medieval_Male_Armor_naked_00_legs.fbx using Guid(b458c6e927d4f74409a8c85099064d07) Importer(815301076,1909f56bfc062723c751e8b465ee728b)  -> (artifact id: '738128b43264811cdc9affc40a3bd048') in 0.024054 seconds 
========================================================================
Received Import Request.
  Time since last request: 0.000016 seconds.
  path: Assets/Polytope Studio/Lowpoly Medieval Characters/Sources/Meshes/Separate_Parts/PT_Medieval_Male_Armor_Skeleton_01_body.fbx
  artifactKey: Guid(6edf5e7fbd918d0428f06afd9e8a1716) Importer(815301076,1909f56bfc062723c751e8b465ee728b)
Start importing Assets/Polytope Studio/Lowpoly Medieval Characters/Sources/Meshes/Separate_Parts/PT_Medieval_Male_Armor_Skeleton_01_body.fbx using Guid(6edf5e7fbd918d0428f06afd9e8a1716) Importer(815301076,1909f56bfc062723c751e8b465ee728b)  -> (artifact id: '3a7677c181fe8e94a6b5d5a5ff861e65') in 0.029859 seconds 
========================================================================
Received Import Request.
  Time since last request: 0.686857 seconds.
  path: Assets/Polytope Studio/Lowpoly Medieval Characters/Sources/Modular_Armors/Meshes/Separate_Parts/PT_Medieval_Male_Armor_naked_00_boots.fbx
  artifactKey: Guid(b927b46abbacfb24e8508b3138e0b225) Importer(815301076,1909f56bfc062723c751e8b465ee728b)
Start importing Assets/Polytope Studio/Lowpoly Medieval Characters/Sources/Modular_Armors/Meshes/Separate_Parts/PT_Medieval_Male_Armor_naked_00_boots.fbx using Guid(b927b46abbacfb24e8508b3138e0b225) Importer(815301076,1909f56bfc062723c751e8b465ee728b)  -> (artifact id: 'b9967fb9a112d6b001d282c51ec260f3') in 0.028347 seconds 
========================================================================
Received Import Request.
  Time since last request: 0.621566 seconds.
  path: Assets/Polytope Studio/Lowpoly Medieval Characters/Sources/Modular_Armors/Meshes/Separate_Parts/PT_Medieval_Male_Armor_hair_01.fbx
  artifactKey: Guid(af5c5606b708d8449be71458611adb8a) Importer(815301076,1909f56bfc062723c751e8b465ee728b)
Start importing Assets/Polytope Studio/Lowpoly Medieval Characters/Sources/Modular_Armors/Meshes/Separate_Parts/PT_Medieval_Male_Armor_hair_01.fbx using Guid(af5c5606b708d8449be71458611adb8a) Importer(815301076,1909f56bfc062723c751e8b465ee728b)  -> (artifact id: 'a18fba5c1fcc6824056799fa04e272c3') in 0.033583 seconds 
========================================================================
Received Import Request.
  Time since last request: 0.079946 seconds.
  path: Assets/Polytope Studio/Lowpoly Medieval Characters/Sources/Modular_Armors/Meshes/Separate_Parts/PT_Medieval_Male_Armor_cloth_00_boots.fbx
  artifactKey: Guid(d70820c0df8ba504386203bbae4593d1) Importer(815301076,1909f56bfc062723c751e8b465ee728b)
Start importing Assets/Polytope Studio/Lowpoly Medieval Characters/Sources/Modular_Armors/Meshes/Separate_Parts/PT_Medieval_Male_Armor_cloth_00_boots.fbx using Guid(d70820c0df8ba504386203bbae4593d1) Importer(815301076,1909f56bfc062723c751e8b465ee728b)  -> (artifact id: '141b3fdcf40b5d088b9cf8455fcff0f7') in 0.026045 seconds 
========================================================================
Received Import Request.
  Time since last request: 0.528094 seconds.
  path: Assets/Polytope Studio/Lowpoly Medieval Characters/Sources/Modular_Armors/Meshes/Separate_Parts/PT_Medieval_Male_Armor_beard_01.fbx
  artifactKey: Guid(b43fd528db799e54cbf6467c8d25f03a) Importer(815301076,1909f56bfc062723c751e8b465ee728b)
Start importing Assets/Polytope Studio/Lowpoly Medieval Characters/Sources/Modular_Armors/Meshes/Separate_Parts/PT_Medieval_Male_Armor_beard_01.fbx using Guid(b43fd528db799e54cbf6467c8d25f03a) Importer(815301076,1909f56bfc062723c751e8b465ee728b)  -> (artifact id: 'acb8035463dfd3c7a7758c190f99ab34') in 0.025230 seconds 
========================================================================
Received Import Request.
  Time since last request: 0.000020 seconds.
  path: Assets/Polytope Studio/Lowpoly Medieval Characters/Sources/Modular_Armors/Meshes/Separate_Parts/PT_Medieval_Male_Armor_05_C_legs.fbx
  artifactKey: Guid(4d54dd1e3f13c7c4e90430c5aa72c45f) Importer(815301076,1909f56bfc062723c751e8b465ee728b)
Start importing Assets/Polytope Studio/Lowpoly Medieval Characters/Sources/Modular_Armors/Meshes/Separate_Parts/PT_Medieval_Male_Armor_05_C_legs.fbx using Guid(4d54dd1e3f13c7c4e90430c5aa72c45f) Importer(815301076,1909f56bfc062723c751e8b465ee728b)  -> (artifact id: 'c49ea477542fdb32beb850969b7c3f94') in 0.026488 seconds 
========================================================================
Received Import Request.
  Time since last request: 0.015991 seconds.
  path: Assets/Polytope Studio/Lowpoly Medieval Characters/Sources/Modular_Armors/Meshes/Separate_Parts/PT_Medieval_Male_Armor_05_C_gauntlets.fbx
  artifactKey: Guid(8960dc3d8b5d03d4eaa534e15f7c5be3) Importer(815301076,1909f56bfc062723c751e8b465ee728b)
Start importing Assets/Polytope Studio/Lowpoly Medieval Characters/Sources/Modular_Armors/Meshes/Separate_Parts/PT_Medieval_Male_Armor_05_C_gauntlets.fbx using Guid(8960dc3d8b5d03d4eaa534e15f7c5be3) Importer(815301076,1909f56bfc062723c751e8b465ee728b)  -> (artifact id: '6e4bfcd8263a3af0e9d6a9b5a9aa7121') in 0.032279 seconds 
========================================================================
Received Import Request.
  Time since last request: 0.015366 seconds.
  path: Assets/Polytope Studio/Lowpoly Medieval Characters/Sources/Modular_Armors/Meshes/Separate_Parts/PT_Medieval_Male_Armor_05_C_cape.fbx
  artifactKey: Guid(0fb4f83175137c148bf660f9877d699a) Importer(815301076,1909f56bfc062723c751e8b465ee728b)
Start importing Assets/Polytope Studio/Lowpoly Medieval Characters/Sources/Modular_Armors/Meshes/Separate_Parts/PT_Medieval_Male_Armor_05_C_cape.fbx using Guid(0fb4f83175137c148bf660f9877d699a) Importer(815301076,1909f56bfc062723c751e8b465ee728b)  -> (artifact id: '4a774d9d2bfff5dfd3ec0b7d3b210d5b') in 0.029539 seconds 
========================================================================
Received Import Request.
  Time since last request: 0.488707 seconds.
  path: Assets/Polytope Studio/Lowpoly Medieval Characters/Sources/Modular_Armors/Meshes/Separate_Parts/PT_Medieval_Male_Armor_01_A_legs.fbx
  artifactKey: Guid(7b307b9dd3880b3438a0635e135ff960) Importer(815301076,1909f56bfc062723c751e8b465ee728b)
Start importing Assets/Polytope Studio/Lowpoly Medieval Characters/Sources/Modular_Armors/Meshes/Separate_Parts/PT_Medieval_Male_Armor_01_A_legs.fbx using Guid(7b307b9dd3880b3438a0635e135ff960) Importer(815301076,1909f56bfc062723c751e8b465ee728b)  -> (artifact id: 'ea7ce2886897783f72cd8a347474e739') in 0.027638 seconds 
========================================================================
Received Import Request.
  Time since last request: 0.625026 seconds.
  path: Assets/Polytope Studio/Lowpoly Medieval Characters/Sources/Modular_Armors/Meshes/Separate_Parts/PT_Medieval_Male_Armor_01_A_cape.fbx
  artifactKey: Guid(693366c6ce624d640ab2260dfa30f659) Importer(815301076,1909f56bfc062723c751e8b465ee728b)
Start importing Assets/Polytope Studio/Lowpoly Medieval Characters/Sources/Modular_Armors/Meshes/Separate_Parts/PT_Medieval_Male_Armor_01_A_cape.fbx using Guid(693366c6ce624d640ab2260dfa30f659) Importer(815301076,1909f56bfc062723c751e8b465ee728b)  -> (artifact id: 'd8921d9727efd9fd4ddc9bcaec375412') in 0.029881 seconds 
========================================================================
Received Import Request.
  Time since last request: 0.000017 seconds.
  path: Assets/Polytope Studio/Lowpoly Medieval Weapons/Sources/Meshes/PT_Medieval_Mace_01_a.fbx
  artifactKey: Guid(7ff4984896067b94ea4675970fb4d6f3) Importer(815301076,1909f56bfc062723c751e8b465ee728b)
Start importing Assets/Polytope Studio/Lowpoly Medieval Weapons/Sources/Meshes/PT_Medieval_Mace_01_a.fbx using Guid(7ff4984896067b94ea4675970fb4d6f3) Importer(815301076,1909f56bfc062723c751e8b465ee728b)  -> (artifact id: '14231498eba93dc8000ccb421e83c9c9') in 0.015696 seconds 
========================================================================
Received Import Request.
  Time since last request: 0.000022 seconds.
  path: Assets/Polytope Studio/Lowpoly Medieval Characters/Sources/Modular_Armors/Meshes/Separate_Parts/PT_Medieval_Male_Armor_01_A_body.fbx
  artifactKey: Guid(ba3eaedf5b135cf45a659743fb10f5ed) Importer(815301076,1909f56bfc062723c751e8b465ee728b)
Start importing Assets/Polytope Studio/Lowpoly Medieval Characters/Sources/Modular_Armors/Meshes/Separate_Parts/PT_Medieval_Male_Armor_01_A_body.fbx using Guid(ba3eaedf5b135cf45a659743fb10f5ed) Importer(815301076,1909f56bfc062723c751e8b465ee728b)  -> (artifact id: 'bca08023490dc1d2ca828f5dd0dd2966') in 0.029700 seconds 
========================================================================
Received Import Request.
  Time since last request: 0.002728 seconds.
  path: Assets/Polytope Studio/Lowpoly Medieval Props/Sources/Meshes/PT_Medieval_Hand_Lantern_01.fbx
  artifactKey: Guid(58f68d02217c94b4896561c82d971cab) Importer(815301076,1909f56bfc062723c751e8b465ee728b)
Start importing Assets/Polytope Studio/Lowpoly Medieval Props/Sources/Meshes/PT_Medieval_Hand_Lantern_01.fbx using Guid(58f68d02217c94b4896561c82d971cab) Importer(815301076,1909f56bfc062723c751e8b465ee728b)  -> (artifact id: '0a069452996d13610202a96f8eafe84e') in 0.015833 seconds 
========================================================================
Received Import Request.
  Time since last request: 0.026729 seconds.
  path: Assets/Polytope Studio/Lowpoly Medieval Characters/Sources/Modular_Armors/Meshes/Separate_Parts/PT_Medieval_Female_Armor_naked_legs.fbx
  artifactKey: Guid(ba55fbc47ef858b41a0fa41acec2604e) Importer(815301076,1909f56bfc062723c751e8b465ee728b)
Start importing Assets/Polytope Studio/Lowpoly Medieval Characters/Sources/Modular_Armors/Meshes/Separate_Parts/PT_Medieval_Female_Armor_naked_legs.fbx using Guid(ba55fbc47ef858b41a0fa41acec2604e) Importer(815301076,1909f56bfc062723c751e8b465ee728b)  -> (artifact id: '919f95a397c72e72342e73c18e9df54f') in 0.024011 seconds 
========================================================================
Received Import Request.
  Time since last request: 0.860469 seconds.
  path: Assets/Polytope Studio/Lowpoly Medieval Characters/Sources/Modular_Armors/Meshes/Separate_Parts/PT_Medieval_Female_Armor_head_01.fbx
  artifactKey: Guid(0dfa6027d24af53429ffb63261cd762b) Importer(815301076,1909f56bfc062723c751e8b465ee728b)
Start importing Assets/Polytope Studio/Lowpoly Medieval Characters/Sources/Modular_Armors/Meshes/Separate_Parts/PT_Medieval_Female_Armor_head_01.fbx using Guid(0dfa6027d24af53429ffb63261cd762b) Importer(815301076,1909f56bfc062723c751e8b465ee728b)  -> (artifact id: '370757304ee2ae33e08e16c07942adfe') in 0.026094 seconds 
========================================================================
Received Import Request.
  Time since last request: 0.482701 seconds.
  path: Assets/Polytope Studio/Lowpoly Medieval Characters/Sources/Modular_Armors/Meshes/Separate_Parts/PT_Medieval_Female_Armor_hair_01.fbx
  artifactKey: Guid(31a86b26f8316034c8beccf214fd3224) Importer(815301076,1909f56bfc062723c751e8b465ee728b)
Start importing Assets/Polytope Studio/Lowpoly Medieval Characters/Sources/Modular_Armors/Meshes/Separate_Parts/PT_Medieval_Female_Armor_hair_01.fbx using Guid(31a86b26f8316034c8beccf214fd3224) Importer(815301076,1909f56bfc062723c751e8b465ee728b)  -> (artifact id: '4aed03e9071ae5230dde3b7ff15dc69f') in 0.029691 seconds 
========================================================================
Received Import Request.
  Time since last request: 0.000017 seconds.
  path: Assets/Polytope Studio/Lowpoly Medieval Characters/Sources/Modular_Armors/Meshes/Separate_Parts/PT_Medieval_Female_Armor_cloth_00_gauntlets.fbx
  artifactKey: Guid(bf6caf34280d5dd41967e1b2043a7e41) Importer(815301076,1909f56bfc062723c751e8b465ee728b)
Start importing Assets/Polytope Studio/Lowpoly Medieval Characters/Sources/Modular_Armors/Meshes/Separate_Parts/PT_Medieval_Female_Armor_cloth_00_gauntlets.fbx using Guid(bf6caf34280d5dd41967e1b2043a7e41) Importer(815301076,1909f56bfc062723c751e8b465ee728b)  -> (artifact id: 'cc345c8e142f8ccf2eda1934525badad') in 0.024323 seconds 
========================================================================
Received Import Request.
  Time since last request: 0.550201 seconds.
  path: Assets/Polytope Studio/Lowpoly Medieval Characters/Sources/Modular_Armors/Meshes/Separate_Parts/PT_Medieval_Female_Armor_05_C_cape.fbx
  artifactKey: Guid(b327ce314281c144eb109df06b1d66aa) Importer(815301076,1909f56bfc062723c751e8b465ee728b)
Start importing Assets/Polytope Studio/Lowpoly Medieval Characters/Sources/Modular_Armors/Meshes/Separate_Parts/PT_Medieval_Female_Armor_05_C_cape.fbx using Guid(b327ce314281c144eb109df06b1d66aa) Importer(815301076,1909f56bfc062723c751e8b465ee728b)  -> (artifact id: '8cb06c0ddc86055290f89c276b867cf1') in 0.024715 seconds 
========================================================================
Received Import Request.
  Time since last request: 0.000016 seconds.
  path: Assets/Polytope Studio/Lowpoly Medieval Characters/Sources/Modular_Armors/Meshes/Separate_Parts/PT_Medieval_Female_Armor_05_C_helmet.fbx
  artifactKey: Guid(712969c6e24572145bb8f4fdfebc687d) Importer(815301076,1909f56bfc062723c751e8b465ee728b)
Start importing Assets/Polytope Studio/Lowpoly Medieval Characters/Sources/Modular_Armors/Meshes/Separate_Parts/PT_Medieval_Female_Armor_05_C_helmet.fbx using Guid(712969c6e24572145bb8f4fdfebc687d) Importer(815301076,1909f56bfc062723c751e8b465ee728b)  -> (artifact id: '3542ac393be3dfb8b5f47eed666db279') in 0.024563 seconds 
========================================================================
Received Import Request.
  Time since last request: 0.013534 seconds.
  path: Assets/Polytope Studio/Lowpoly Medieval Characters/Sources/Modular_Armors/Meshes/Separate_Parts/PT_Medieval_Female_Armor_05_C_body.fbx
  artifactKey: Guid(19290ff456fcb03459883525adaf7dee) Importer(815301076,1909f56bfc062723c751e8b465ee728b)
Start importing Assets/Polytope Studio/Lowpoly Medieval Characters/Sources/Modular_Armors/Meshes/Separate_Parts/PT_Medieval_Female_Armor_05_C_body.fbx using Guid(19290ff456fcb03459883525adaf7dee) Importer(815301076,1909f56bfc062723c751e8b465ee728b)  -> (artifact id: '949b85705fe1f096b724bf0a6db5951a') in 0.028400 seconds 
========================================================================
Received Import Request.
  Time since last request: 0.781859 seconds.
  path: Assets/Polytope Studio/Lowpoly Medieval Characters/Sources/Modular_Armors/Meshes/Separate_Parts/PT_Medieval_Female_Armor_01_A_gauntlets.fbx
  artifactKey: Guid(39c545d587e135743a3e5baf74fa301a) Importer(815301076,1909f56bfc062723c751e8b465ee728b)
Start importing Assets/Polytope Studio/Lowpoly Medieval Characters/Sources/Modular_Armors/Meshes/Separate_Parts/PT_Medieval_Female_Armor_01_A_gauntlets.fbx using Guid(39c545d587e135743a3e5baf74fa301a) Importer(815301076,1909f56bfc062723c751e8b465ee728b)  -> (artifact id: 'f3288cf7d15df698349f955449ad1575') in 0.032525 seconds 
========================================================================
Received Import Request.
  Time since last request: 0.592140 seconds.
  path: Assets/Polytope Studio/Lowpoly Medieval Characters/Sources/Modular_Armors/Meshes/Separate_Parts/PT_Medieval_Female_Armor_01_A_body.fbx
  artifactKey: Guid(4ef757cb881efa94b96f7585ee4af53b) Importer(815301076,1909f56bfc062723c751e8b465ee728b)
Start importing Assets/Polytope Studio/Lowpoly Medieval Characters/Sources/Modular_Armors/Meshes/Separate_Parts/PT_Medieval_Female_Armor_01_A_body.fbx using Guid(4ef757cb881efa94b96f7585ee4af53b) Importer(815301076,1909f56bfc062723c751e8b465ee728b)  -> (artifact id: 'ff039ad4fd276a975abdc55a64781e99') in 0.030635 seconds 
========================================================================
Received Import Request.
  Time since last request: 0.596896 seconds.
  path: Assets/Polytope Studio/Lowpoly Medieval Props/Sources/Meshes/PT_Medieval_Book_closed_01.fbx
  artifactKey: Guid(47ee61ebf48f741448c78ad9d246389f) Importer(815301076,1909f56bfc062723c751e8b465ee728b)
Start importing Assets/Polytope Studio/Lowpoly Medieval Props/Sources/Meshes/PT_Medieval_Book_closed_01.fbx using Guid(47ee61ebf48f741448c78ad9d246389f) Importer(815301076,1909f56bfc062723c751e8b465ee728b)  -> (artifact id: '93a18738f819d8ffef3875ae5389d4be') in 0.015054 seconds 
========================================================================
Received Import Request.
  Time since last request: 0.077236 seconds.
  path: Assets/Polytope Studio/Lowpoly Medieval Environments/Sources/Meshes/Trees/PT_Generic_Tree_01_green.fbx
  artifactKey: Guid(92485ef01ec03d8438fe7af0b3409dc9) Importer(815301076,1909f56bfc062723c751e8b465ee728b)
Start importing Assets/Polytope Studio/Lowpoly Medieval Environments/Sources/Meshes/Trees/PT_Generic_Tree_01_green.fbx using Guid(92485ef01ec03d8438fe7af0b3409dc9) Importer(815301076,1909f56bfc062723c751e8b465ee728b)  -> (artifact id: '9dc1bcfa19eb780bcbd8f1e05bc8b8f2') in 0.045299 seconds 
========================================================================
Received Import Request.
  Time since last request: 2.104301 seconds.
  path: Assets/Ventuar/RPGWeaponsPack - DEMO/FileAssets/Models/MetalSword.fbx
  artifactKey: Guid(0f88d9f6b3ab59549b9ca29527095481) Importer(815301076,1909f56bfc062723c751e8b465ee728b)
Start importing Assets/Ventuar/RPGWeaponsPack - DEMO/FileAssets/Models/MetalSword.fbx using Guid(0f88d9f6b3ab59549b9ca29527095481) Importer(815301076,1909f56bfc062723c751e8b465ee728b)  -> (artifact id: '128302e878fb3fe2bb5a44e5f44e75b4') in 0.020625 seconds 
========================================================================
Received Import Request.
  Time since last request: 0.622649 seconds.
  path: Assets/Ventuar/RPGWeaponsPack - DEMO/FileAssets/Models/MetalHalberd.fbx
  artifactKey: Guid(d4b2698afe47f324ea3b5d9e8357e55a) Importer(815301076,1909f56bfc062723c751e8b465ee728b)
Start importing Assets/Ventuar/RPGWeaponsPack - DEMO/FileAssets/Models/MetalHalberd.fbx using Guid(d4b2698afe47f324ea3b5d9e8357e55a) Importer(815301076,1909f56bfc062723c751e8b465ee728b)  -> (artifact id: '654576a78c4e9c499df0e7050f80f988') in 0.015058 seconds 
========================================================================
Received Import Request.
  Time since last request: 0.573705 seconds.
  path: Assets/skull_Shield/mesh/shield_low_new.obj
  artifactKey: Guid(d707a69cbd9eb254c83bb24f240ccaa6) Importer(815301076,1909f56bfc062723c751e8b465ee728b)
Start importing Assets/skull_Shield/mesh/shield_low_new.obj using Guid(d707a69cbd9eb254c83bb24f240ccaa6) Importer(815301076,1909f56bfc062723c751e8b465ee728b)  -> (artifact id: '3f42a5b25a957ca7517759379e2c1cbf') in 0.022130 seconds 
========================================================================
Received Import Request.
  Time since last request: 0.001372 seconds.
  path: Assets/StylizedCharacter/Meshes/Item/Weapons/Dagger/SK_Dagger_1H_Newbie_02.fbx
  artifactKey: Guid(fc87cbc32666453aab31e4ab5c8e12d4) Importer(815301076,1909f56bfc062723c751e8b465ee728b)
Start importing Assets/StylizedCharacter/Meshes/Item/Weapons/Dagger/SK_Dagger_1H_Newbie_02.fbx using Guid(fc87cbc32666453aab31e4ab5c8e12d4) Importer(815301076,1909f56bfc062723c751e8b465ee728b)  -> (artifact id: '722cf9383b6933dcdddf8abefb96d2df') in 0.025912 seconds 
========================================================================
Received Import Request.
  Time since last request: 0.544371 seconds.
  path: Assets/StylizedCharacter/Meshes/Item/Weapons/Bow/SK_Bow_Newbie_02.fbx
  artifactKey: Guid(d100b3dc0dae4cfcb20f059168f7a638) Importer(815301076,1909f56bfc062723c751e8b465ee728b)
Start importing Assets/StylizedCharacter/Meshes/Item/Weapons/Bow/SK_Bow_Newbie_02.fbx using Guid(d100b3dc0dae4cfcb20f059168f7a638) Importer(815301076,1909f56bfc062723c751e8b465ee728b)  -> (artifact id: '7f973d8d73ee3b43bd5b9a8c989df209') in 0.032136 seconds 
========================================================================
Received Import Request.
  Time since last request: 0.578291 seconds.
  path: Assets/StylizedCharacter/Meshes/Item/Weapons/Axe/SK_Axe_2HL_Newbie_01.fbx
  artifactKey: Guid(e7f3cf5fecc545909f8556259a3bb561) Importer(815301076,1909f56bfc062723c751e8b465ee728b)
Start importing Assets/StylizedCharacter/Meshes/Item/Weapons/Axe/SK_Axe_2HL_Newbie_01.fbx using Guid(e7f3cf5fecc545909f8556259a3bb561) Importer(815301076,1909f56bfc062723c751e8b465ee728b)  -> (artifact id: 'a3a9f8150e83e299508a95488187542d') in 0.034759 seconds 
========================================================================
Received Import Request.
  Time since last request: 0.488339 seconds.
  path: Assets/StylizedCharacter/Meshes/Item/Weapons/Axe/SK_Axe_1H_Newbie_02.fbx
  artifactKey: Guid(6961a688dfae489e8f5a13a03500562d) Importer(815301076,1909f56bfc062723c751e8b465ee728b)
Start importing Assets/StylizedCharacter/Meshes/Item/Weapons/Axe/SK_Axe_1H_Newbie_02.fbx using Guid(6961a688dfae489e8f5a13a03500562d) Importer(815301076,1909f56bfc062723c751e8b465ee728b)  -> (artifact id: '53428441c8eaed183b9a71660942f1e2') in 0.025178 seconds 
========================================================================
Received Import Request.
  Time since last request: 64.552822 seconds.
  path: Assets/Blink/Art/Textures/StylizedDesertTextures/Sand_1/Sand_1_AmbientOcclusion.png
  artifactKey: Guid(78cb7dc87fc63074ba6da439f9e7d574) Importer(815301076,1909f56bfc062723c751e8b465ee728b)
Start importing Assets/Blink/Art/Textures/StylizedDesertTextures/Sand_1/Sand_1_AmbientOcclusion.png using Guid(78cb7dc87fc63074ba6da439f9e7d574) Importer(815301076,1909f56bfc062723c751e8b465ee728b)  -> (artifact id: '7d69b088f34319c2bfea9e400f7b8c13') in 0.017467 seconds 
========================================================================
Received Import Request.
  Time since last request: 0.000015 seconds.
  path: Assets/Blink/Art/Textures/StylizedDesertTextures/Sand_1/Sand_1_BaseColor.png
  artifactKey: Guid(6b4e261c39e63234db51459653a84d0a) Importer(815301076,1909f56bfc062723c751e8b465ee728b)
Start importing Assets/Blink/Art/Textures/StylizedDesertTextures/Sand_1/Sand_1_BaseColor.png using Guid(6b4e261c39e63234db51459653a84d0a) Importer(815301076,1909f56bfc062723c751e8b465ee728b)  -> (artifact id: '868b61e0fb31e55900dc60181eb78542') in 0.011246 seconds 
========================================================================
Received Import Request.
  Time since last request: 0.000016 seconds.
  path: Assets/Blink/Art/Textures/StylizedDesertTextures/Sand_1/Sand_1_Height.png
  artifactKey: Guid(ab1f68fd9b74d874fa4bdc139b42b540) Importer(815301076,1909f56bfc062723c751e8b465ee728b)
Start importing Assets/Blink/Art/Textures/StylizedDesertTextures/Sand_1/Sand_1_Height.png using Guid(ab1f68fd9b74d874fa4bdc139b42b540) Importer(815301076,1909f56bfc062723c751e8b465ee728b)  -> (artifact id: 'f2e5db059b7c846423abdcde0347738c') in 0.012229 seconds 
Editor requested this worker to shutdown with reason: Scaling down because of idle timeout
AssetImportWorker is now disconnected from the server
Process exiting
Exiting without the bug reporter. Application will terminate with return code 0