Using pre-set license
Built from '2022.1/staging' branch; Version is '2022.1.22f1 (6b6e9fc2adda) revision 7040671'; Using compiler version '192829333'; Build Type 'Release'
OS: 'Windows 10  (10.0.19043) 64bit Core' Language: 'en' Physical Memory: 65335 MB
BatchMode: 1, IsHumanControllingUs: 0, StartBugReporterOnCrash: 0, Is64bit: 1, IsPro: 1

COMMAND LINE ARGUMENTS:
C:\Program Files\Unity\Hub\Editor\2022.1.22f1\Editor\Unity.exe
-adb2
-batchMode
-noUpm
-name
AssetImportWorker2
-projectPath
C:/Users/trist/Unity Projects/Dark Souls YouTube Tutorial
-logFile
Logs/AssetImportWorker2.log
-srvPort
60625
Successfully changed project path to: C:/Users/trist/Unity Projects/Dark Souls YouTube Tutorial
C:/Users/trist/Unity Projects/Dark Souls YouTube Tutorial
[UnityMemory] Configuration Parameters - Can be set up in boot.config
    "memorysetup-bucket-allocator-granularity=16"
    "memorysetup-bucket-allocator-bucket-count=8"
    "memorysetup-bucket-allocator-block-size=33554432"
    "memorysetup-bucket-allocator-block-count=8"
    "memorysetup-main-allocator-block-size=16777216"
    "memorysetup-thread-allocator-block-size=16777216"
    "memorysetup-gfx-main-allocator-block-size=16777216"
    "memorysetup-gfx-thread-allocator-block-size=16777216"
    "memorysetup-cache-allocator-block-size=4194304"
    "memorysetup-typetree-allocator-block-size=2097152"
    "memorysetup-profiler-bucket-allocator-granularity=16"
    "memorysetup-profiler-bucket-allocator-bucket-count=8"
    "memorysetup-profiler-bucket-allocator-block-size=33554432"
    "memorysetup-profiler-bucket-allocator-block-count=8"
    "memorysetup-profiler-allocator-block-size=16777216"
    "memorysetup-profiler-editor-allocator-block-size=1048576"
    "memorysetup-temp-allocator-size-main=16777216"
    "memorysetup-job-temp-allocator-block-size=2097152"
    "memorysetup-job-temp-allocator-block-size-background=1048576"
    "memorysetup-job-temp-allocator-reduction-small-platforms=262144"
    "memorysetup-temp-allocator-size-background-worker=32768"
    "memorysetup-temp-allocator-size-job-worker=262144"
    "memorysetup-temp-allocator-size-preload-manager=33554432"
    "memorysetup-temp-allocator-size-nav-mesh-worker=65536"
    "memorysetup-temp-allocator-size-audio-worker=65536"
    "memorysetup-temp-allocator-size-cloud-worker=32768"
    "memorysetup-temp-allocator-size-gi-baking-worker=262144"
    "memorysetup-temp-allocator-size-gfx=262144"
Refreshing native plugins compatible for Editor in 76.41 ms, found 3 plugins.
Preloading 0 native plugins for Editor in 0.00 ms.
Initialize engine version: 2022.1.22f1 (6b6e9fc2adda)
[Subsystems] Discovering subsystems at path C:/Program Files/Unity/Hub/Editor/2022.1.22f1/Editor/Data/Resources/UnitySubsystems
[Subsystems] Discovering subsystems at path C:/Users/trist/Unity Projects/Dark Souls YouTube Tutorial/Assets
GfxDevice: creating device client; threaded=0; jobified=0
Direct3D:
    Version:  Direct3D 11.0 [level 11.1]
    Renderer: Radeon RX 570 Series (ID=0x67df)
    Vendor:   ATI
    VRAM:     8172 MB
    Driver:   26.20.13002.133
Initialize mono
Mono path[0] = 'C:/Program Files/Unity/Hub/Editor/2022.1.22f1/Editor/Data/Managed'
Mono path[1] = 'C:/Program Files/Unity/Hub/Editor/2022.1.22f1/Editor/Data/MonoBleedingEdge/lib/mono/unityjit-win32'
Mono config path = 'C:/Program Files/Unity/Hub/Editor/2022.1.22f1/Editor/Data/MonoBleedingEdge/etc'
Using monoOptions --debugger-agent=transport=dt_socket,embedding=1,server=y,suspend=n,address=127.0.0.1:56960
Begin MonoManager ReloadAssembly
Registering precompiled unity dll's ...
Register platform support module: C:/Program Files/Unity/Hub/Editor/2022.1.22f1/Editor/Data/PlaybackEngines/WindowsStandaloneSupport/UnityEditor.WindowsStandalone.Extensions.dll
Register platform support module: C:/Program Files/Unity/Hub/Editor/2022.1.22f1/Editor/Data/PlaybackEngines/MetroSupport/UnityEditor.UWP.Extensions.dll
Registered in 0.010500 seconds.
Native extension for UWP target not found
Native extension for WindowsStandalone target not found
Refreshing native plugins compatible for Editor in 77.42 ms, found 3 plugins.
Preloading 0 native plugins for Editor in 0.00 ms.
Mono: successfully reloaded assembly
- Completed reload, in  0.587 seconds
Domain Reload Profiling:
	ReloadAssembly (588ms)
		BeginReloadAssembly (66ms)
			ExecutionOrderSort (0ms)
			DisableScriptedObjects (0ms)
			BackupInstance (0ms)
			ReleaseScriptingObjects (0ms)
			CreateAndSetChildDomain (1ms)
		EndReloadAssembly (415ms)
			LoadAssemblies (65ms)
			RebuildTransferFunctionScriptingTraits (0ms)
			SetupTypeCache (96ms)
				TypeCache.Initialize (96ms)
					TypeCache.ScanAssembly (94ms)
				ResolveRequiredComponents (0ms)
			ReleaseScriptCaches (0ms)
			RebuildScriptCaches (25ms)
			SetupLoadedEditorAssemblies (245ms)
				LogAssemblyErrors (0ms)
				InitializePlatformSupportModulesInManaged (8ms)
				SetLoadedEditorAssemblies (7ms)
				RefreshPlugins (77ms)
				BeforeProcessingInitializeOnLoad (1ms)
				ProcessInitializeOnLoadAttributes (114ms)
				ProcessInitializeOnLoadMethodAttributes (37ms)
				AfterProcessingInitializeOnLoad (0ms)
				EditorAssembliesLoaded (0ms)
			ExecutionOrderSort2 (0ms)
			AwakeInstancesAfterBackupRestoration (0ms)
Platform modules already initialized, skipping
Registering precompiled user dll's ...
Registered in 0.004718 seconds.
Begin MonoManager ReloadAssembly
Symbol file LoadedFromMemory doesn't match image C:\Users\trist\Unity Projects\Dark Souls YouTube Tutorial\Library\PackageCache\com.unity.visualscripting@1.7.8\Editor\VisualScripting.Core\Dependencies\YamlDotNet\Unity.VisualScripting.YamlDotNet.dll
Symbol file LoadedFromMemory doesn't match image C:\Users\trist\Unity Projects\Dark Souls YouTube Tutorial\Library\PackageCache\com.unity.visualscripting@1.7.8\Editor\VisualScripting.Core\Dependencies\DotNetZip\Unity.VisualScripting.IonicZip.dll
Native extension for UWP target not found
Native extension for WindowsStandalone target not found
Refreshing native plugins compatible for Editor in 77.94 ms, found 3 plugins.
Preloading 0 native plugins for Editor in 0.00 ms.
Mono: successfully reloaded assembly
- Completed reload, in  1.048 seconds
Domain Reload Profiling:
	ReloadAssembly (1049ms)
		BeginReloadAssembly (100ms)
			ExecutionOrderSort (0ms)
			DisableScriptedObjects (5ms)
			BackupInstance (0ms)
			ReleaseScriptingObjects (0ms)
			CreateAndSetChildDomain (17ms)
		EndReloadAssembly (846ms)
			LoadAssemblies (71ms)
			RebuildTransferFunctionScriptingTraits (0ms)
			SetupTypeCache (238ms)
				TypeCache.Initialize (235ms)
					TypeCache.ScanAssembly (231ms)
				ResolveRequiredComponents (4ms)
			ReleaseScriptCaches (1ms)
			RebuildScriptCaches (47ms)
			SetupLoadedEditorAssemblies (446ms)
				LogAssemblyErrors (0ms)
				InitializePlatformSupportModulesInManaged (6ms)
				SetLoadedEditorAssemblies (5ms)
				RefreshPlugins (78ms)
				BeforeProcessingInitializeOnLoad (76ms)
				ProcessInitializeOnLoadAttributes (250ms)
				ProcessInitializeOnLoadMethodAttributes (24ms)
				AfterProcessingInitializeOnLoad (7ms)
				EditorAssembliesLoaded (0ms)
			ExecutionOrderSort2 (0ms)
			AwakeInstancesAfterBackupRestoration (7ms)
Platform modules already initialized, skipping
========================================================================
Worker process is ready to serve import requests
Launched and connected shader compiler UnityShaderCompiler.exe after 0.03 seconds
Refreshing native plugins compatible for Editor in 0.70 ms, found 3 plugins.
Preloading 0 native plugins for Editor in 0.00 ms.
Unloading 3828 Unused Serialized files (Serialized files now loaded: 0)
Unloading 29 unused Assets / (60.0 KB). Loaded Objects now: 4307.
Memory consumption went from 0.60 GB to 0.60 GB.
Total: 3.174300 ms (FindLiveObjects: 0.323300 ms CreateObjectMapping: 0.341400 ms MarkObjects: 2.429500 ms  DeleteObjects: 0.079400 ms)

AssetImportParameters requested are different than current active one (requested -> active):
  custom:video-decoder-ogg-theora: a1e56fd34408186e4bbccfd4996cb3dc -> 
  custom:container-muxer-webm: aa71ff27fc2769a1b78a27578f13a17b -> 
  custom:container-demuxer-webm: 4f35f7cbe854078d1ac9338744f61a02 -> 
  custom:video-encoder-webm-vp8: eb34c28f22e8b96e1ab97ce403110664 -> 
  custom:audio-encoder-webm-vorbis: bf7c407c2cedff20999df2af8eb42d56 -> 
  custom:framework-win-MediaFoundation: 216162199b28c13a410421893ffa2e32 -> 
  custom:container-demuxer-ogg: 62fdf1f143b41e24485cea50d1cbac27 -> 
  custom:video-decoder-webm-vp8: 9c59270c3fd7afecdb556c50c9e8de78 -> 
  custom:audio-decoder-ogg-vorbis: bf7c407c2cedff20999df2af8eb42d56 -> 
========================================================================
Received Import Request.
  Time since last request: 16015.714891 seconds.
  path: Assets/StylizedCharacter/Materials/Item/Weapon/M_Axe_Newbie_Cl.mat
  artifactKey: Guid(e31612bb9f0041168a45bea40ef6e1fb) Importer(815301076,1909f56bfc062723c751e8b465ee728b)
Start importing Assets/StylizedCharacter/Materials/Item/Weapon/M_Axe_Newbie_Cl.mat using Guid(e31612bb9f0041168a45bea40ef6e1fb) Importer(815301076,1909f56bfc062723c751e8b465ee728b)  -> (artifact id: 'c2acffa2463e2165b92af25593b5dabf') in 0.144422 seconds 
========================================================================
Received Import Request.
  Time since last request: 0.000018 seconds.
  path: Assets/StylizedCharacter/Materials/Item/Weapon/M_Bow_Newbie_Bl.mat
  artifactKey: Guid(2929ade393c74c04bf4d69c795f8133d) Importer(815301076,1909f56bfc062723c751e8b465ee728b)
Start importing Assets/StylizedCharacter/Materials/Item/Weapon/M_Bow_Newbie_Bl.mat using Guid(2929ade393c74c04bf4d69c795f8133d) Importer(815301076,1909f56bfc062723c751e8b465ee728b)  -> (artifact id: '7763ce8ab7718c03a2a6234ad95fe616') in 0.046629 seconds 
========================================================================
Received Import Request.
  Time since last request: 0.000019 seconds.
  path: Assets/StylizedCharacter/Materials/Item/Weapon/M_Axe_Newbie_Gn.mat
  artifactKey: Guid(e7f3b971603f48e3aa531c2c53d00b2c) Importer(815301076,1909f56bfc062723c751e8b465ee728b)
Start importing Assets/StylizedCharacter/Materials/Item/Weapon/M_Axe_Newbie_Gn.mat using Guid(e7f3b971603f48e3aa531c2c53d00b2c) Importer(815301076,1909f56bfc062723c751e8b465ee728b)  -> (artifact id: '57adc9c87c2de5ef2bd8cb799380ccc9') in 0.024410 seconds 
========================================================================
Received Import Request.
  Time since last request: 0.000025 seconds.
  path: Assets/Blink/Art/Characters/LowPoly/FREE_HumanLowPoly/Materials_Humans/Eyes.mat
  artifactKey: Guid(64b04a6e3187c8247b209aac6c56b9fe) Importer(815301076,1909f56bfc062723c751e8b465ee728b)
Start importing Assets/Blink/Art/Characters/LowPoly/FREE_HumanLowPoly/Materials_Humans/Eyes.mat using Guid(64b04a6e3187c8247b209aac6c56b9fe) Importer(815301076,1909f56bfc062723c751e8b465ee728b)  -> (artifact id: '0fbd2fe969ca632af3c81e2022bec06f') in 0.119466 seconds 
========================================================================
Received Import Request.
  Time since last request: 5.446737 seconds.
  path: Assets/StylizedCharacter/Materials/Item/Weapon/M_Bow_Newbie_Rd.mat
  artifactKey: Guid(0aabe18606674ea7802d70a7901b0e1f) Importer(815301076,1909f56bfc062723c751e8b465ee728b)
Start importing Assets/StylizedCharacter/Materials/Item/Weapon/M_Bow_Newbie_Rd.mat using Guid(0aabe18606674ea7802d70a7901b0e1f) Importer(815301076,1909f56bfc062723c751e8b465ee728b)  -> (artifact id: 'ea83c0cd089c8cacb356fb87f97ffe9a') in 0.025135 seconds 
========================================================================
Received Import Request.
  Time since last request: 1.277964 seconds.
  path: Assets/StylizedCharacter/Materials/Item/Weapon/M_Dagger_Newbie_Gn.mat
  artifactKey: Guid(5ece975dac5649109b7ce57698737f31) Importer(815301076,1909f56bfc062723c751e8b465ee728b)
Start importing Assets/StylizedCharacter/Materials/Item/Weapon/M_Dagger_Newbie_Gn.mat using Guid(5ece975dac5649109b7ce57698737f31) Importer(815301076,1909f56bfc062723c751e8b465ee728b)  -> (artifact id: '1fdcf0e7a8f72446f82c5215bdb8c706') in 0.030536 seconds 
========================================================================
Received Import Request.
  Time since last request: 0.085799 seconds.
  path: Assets/StylizedCharacter/Materials/Item/Weapon/M_Shield_Newbie_Bl.mat
  artifactKey: Guid(770e91c858354d3f9b1683f22294d355) Importer(815301076,1909f56bfc062723c751e8b465ee728b)
Start importing Assets/StylizedCharacter/Materials/Item/Weapon/M_Shield_Newbie_Bl.mat using Guid(770e91c858354d3f9b1683f22294d355) Importer(815301076,1909f56bfc062723c751e8b465ee728b)  -> (artifact id: '12252d3267f78583da45e28e534d812f') in 0.048466 seconds 
========================================================================
Received Import Request.
  Time since last request: 0.044958 seconds.
  path: Assets/StylizedCharacter/Materials/Item/Weapon/M_Shield_Newbie_Gn.mat
  artifactKey: Guid(e0f7ed051f4c45cbb149d085f4145601) Importer(815301076,1909f56bfc062723c751e8b465ee728b)
Start importing Assets/StylizedCharacter/Materials/Item/Weapon/M_Shield_Newbie_Gn.mat using Guid(e0f7ed051f4c45cbb149d085f4145601) Importer(815301076,1909f56bfc062723c751e8b465ee728b)  -> (artifact id: '661bcbc17ac23e94c94ca9e74656ed7c') in 0.030614 seconds 
========================================================================
Received Import Request.
  Time since last request: 0.417611 seconds.
  path: Assets/StylizedCharacter/Materials/Item/Weapon/M_Staff_Newbie_Bl.mat
  artifactKey: Guid(17b6d00716524621a51fae7bc184c223) Importer(815301076,1909f56bfc062723c751e8b465ee728b)
Start importing Assets/StylizedCharacter/Materials/Item/Weapon/M_Staff_Newbie_Bl.mat using Guid(17b6d00716524621a51fae7bc184c223) Importer(815301076,1909f56bfc062723c751e8b465ee728b)  -> (artifact id: '6308ee25be0ea7820671755e9591479c') in 0.047541 seconds 
========================================================================
Received Import Request.
  Time since last request: 0.055674 seconds.
  path: Assets/StylizedCharacter/Materials/Item/Weapon/M_Staff_Newbie_Gn.mat
  artifactKey: Guid(a3a2c460b200468198550bac8e747c16) Importer(815301076,1909f56bfc062723c751e8b465ee728b)
Start importing Assets/StylizedCharacter/Materials/Item/Weapon/M_Staff_Newbie_Gn.mat using Guid(a3a2c460b200468198550bac8e747c16) Importer(815301076,1909f56bfc062723c751e8b465ee728b)  -> (artifact id: '8360be011239d11620c0aee781ed5dc0') in 0.028754 seconds 
========================================================================
Received Import Request.
  Time since last request: 0.346364 seconds.
  path: Assets/StylizedCharacter/Materials/Item/Weapon/M_Sword_Newbie_Bl.mat
  artifactKey: Guid(3a29b17b64d14b3bb2782442e9f13f66) Importer(815301076,1909f56bfc062723c751e8b465ee728b)
Start importing Assets/StylizedCharacter/Materials/Item/Weapon/M_Sword_Newbie_Bl.mat using Guid(3a29b17b64d14b3bb2782442e9f13f66) Importer(815301076,1909f56bfc062723c751e8b465ee728b)  -> (artifact id: '080b7af4a45fac517b2238fbbb8d8637') in 0.048200 seconds 
========================================================================
Received Import Request.
  Time since last request: 0.061384 seconds.
  path: Assets/Polytope Studio/Lowpoly Medieval Demos/Armors_Free_Pack/New Material.mat
  artifactKey: Guid(c2022aac65d3a504e98b8dd7fb67652b) Importer(815301076,1909f56bfc062723c751e8b465ee728b)
Start importing Assets/Polytope Studio/Lowpoly Medieval Demos/Armors_Free_Pack/New Material.mat using Guid(c2022aac65d3a504e98b8dd7fb67652b) Importer(815301076,1909f56bfc062723c751e8b465ee728b)  -> (artifact id: '1ed34fb5c45be60677d99b2f89acacd1') in 0.012655 seconds 
========================================================================
Received Import Request.
  Time since last request: 5.024922 seconds.
  path: Assets/Polytope Studio/Lowpoly Medieval Demos/Plague_Doctor_Free_Asset/Plane_mat.mat
  artifactKey: Guid(aa0f476d80f80f148a30abffe8d48c62) Importer(815301076,1909f56bfc062723c751e8b465ee728b)
Start importing Assets/Polytope Studio/Lowpoly Medieval Demos/Plague_Doctor_Free_Asset/Plane_mat.mat using Guid(aa0f476d80f80f148a30abffe8d48c62) Importer(815301076,1909f56bfc062723c751e8b465ee728b)  -> (artifact id: '46c896341581c6ce8da92d1124114fbe') in 0.009870 seconds 
========================================================================
Received Import Request.
  Time since last request: 1.315761 seconds.
  path: Assets/Polytope Studio/Lowpoly Medieval Environments/Sources/Materials/PT_Generic_Tree_Trunk_mat.mat
  artifactKey: Guid(e6ce4253a748b0849a04b87f33cc539d) Importer(815301076,1909f56bfc062723c751e8b465ee728b)
Start importing Assets/Polytope Studio/Lowpoly Medieval Environments/Sources/Materials/PT_Generic_Tree_Trunk_mat.mat using Guid(e6ce4253a748b0849a04b87f33cc539d) Importer(815301076,1909f56bfc062723c751e8b465ee728b)  -> (artifact id: '3eda3a6cb7146e62b638cb1f28508f0a') in 0.038420 seconds 
========================================================================
Received Import Request.
  Time since last request: 0.461438 seconds.
  path: Assets/Polytope Studio/Lowpoly Medieval Characters/Sources/Materials/PT_Medieval_Armors_Material.mat
  artifactKey: Guid(6f1a3abc3e476eb4f823f1ab4687b4ed) Importer(815301076,1909f56bfc062723c751e8b465ee728b)
Start importing Assets/Polytope Studio/Lowpoly Medieval Characters/Sources/Materials/PT_Medieval_Armors_Material.mat using Guid(6f1a3abc3e476eb4f823f1ab4687b4ed) Importer(815301076,1909f56bfc062723c751e8b465ee728b)  -> (artifact id: 'd6d44746036c0da93b720b8156e37cb3') in 0.330856 seconds 
========================================================================
Received Import Request.
  Time since last request: 4.148558 seconds.
  path: Assets/Polytope Studio/Lowpoly Medieval Characters/Sources/Unique_NPCs/Materials/PT_Medieval_mat.mat
  artifactKey: Guid(49b7fc8b4773ec641ac70c70f20fd239) Importer(815301076,1909f56bfc062723c751e8b465ee728b)
Start importing Assets/Polytope Studio/Lowpoly Medieval Characters/Sources/Unique_NPCs/Materials/PT_Medieval_mat.mat using Guid(49b7fc8b4773ec641ac70c70f20fd239) Importer(815301076,1909f56bfc062723c751e8b465ee728b)  -> (artifact id: 'e6a71f9692e48b4ea51afbf49c138f82') in 0.011202 seconds 
========================================================================
Received Import Request.
  Time since last request: 0.068321 seconds.
  path: Assets/Polytope Studio/Lowpoly Medieval Environments/Sources/Materials/PT_Medieval_mat.mat
  artifactKey: Guid(ea7d07eeeef3d0f4d8df49475961c427) Importer(815301076,1909f56bfc062723c751e8b465ee728b)
Start importing Assets/Polytope Studio/Lowpoly Medieval Environments/Sources/Materials/PT_Medieval_mat.mat using Guid(ea7d07eeeef3d0f4d8df49475961c427) Importer(815301076,1909f56bfc062723c751e8b465ee728b)  -> (artifact id: 'ff08a3b1655157cb4467029795347ebe') in 0.009680 seconds 
========================================================================
Received Import Request.
  Time since last request: 0.601154 seconds.
  path: Assets/Polytope Studio/Lowpoly Medieval Weapons/Sources/Materials/PT_Medieval_mat.mat
  artifactKey: Guid(741114174bb42e0458ead3dc0d64ab38) Importer(815301076,1909f56bfc062723c751e8b465ee728b)
Start importing Assets/Polytope Studio/Lowpoly Medieval Weapons/Sources/Materials/PT_Medieval_mat.mat using Guid(741114174bb42e0458ead3dc0d64ab38) Importer(815301076,1909f56bfc062723c751e8b465ee728b)  -> (artifact id: '1cc3e96fdfd113447a360ca8d9fa49e1') in 0.011223 seconds 
========================================================================
Received Import Request.
  Time since last request: 0.463472 seconds.
  path: Assets/Polytope Studio/Lowpoly Medieval Weapons/Sources/Materials/PT_Medieval_Weapons_Material.mat
  artifactKey: Guid(d20ab871c62edf04facff84d4ce183b5) Importer(815301076,1909f56bfc062723c751e8b465ee728b)
Start importing Assets/Polytope Studio/Lowpoly Medieval Weapons/Sources/Materials/PT_Medieval_Weapons_Material.mat using Guid(d20ab871c62edf04facff84d4ce183b5) Importer(815301076,1909f56bfc062723c751e8b465ee728b)  -> (artifact id: '5c39fe692faf7f424bbb0ba1bedf106a') in 0.024016 seconds 
========================================================================
Received Import Request.
  Time since last request: 0.315873 seconds.
  path: Assets/Polytope Studio/Lowpoly Medieval Environments/Sources/Materials/PT_Rocks_mat.mat
  artifactKey: Guid(93415edde47040648869ae6638d33ced) Importer(815301076,1909f56bfc062723c751e8b465ee728b)
Start importing Assets/Polytope Studio/Lowpoly Medieval Environments/Sources/Materials/PT_Rocks_mat.mat using Guid(93415edde47040648869ae6638d33ced) Importer(815301076,1909f56bfc062723c751e8b465ee728b)  -> (artifact id: '4cfd479b342f81244e26040c9383b7c5') in 0.037492 seconds 
========================================================================
Received Import Request.
  Time since last request: 0.518784 seconds.
  path: Assets/Ventuar/RPGWeaponsPack - DEMO/FileAssets/Materials/RPGWeaponsPackMat.mat
  artifactKey: Guid(416aa3d63d96c524797418e7eb5e423d) Importer(815301076,1909f56bfc062723c751e8b465ee728b)
Start importing Assets/Ventuar/RPGWeaponsPack - DEMO/FileAssets/Materials/RPGWeaponsPackMat.mat using Guid(416aa3d63d96c524797418e7eb5e423d) Importer(815301076,1909f56bfc062723c751e8b465ee728b)  -> (artifact id: '80e2e85561ec1bd7fa1c60775db9e464') in 0.015022 seconds 
========================================================================
Received Import Request.
  Time since last request: 0.057803 seconds.
  path: Assets/skull_Shield/Materials/shieldMat.mat
  artifactKey: Guid(b805a41b73fc5a94bb25f1a2ad7ee0fc) Importer(815301076,1909f56bfc062723c751e8b465ee728b)
Start importing Assets/skull_Shield/Materials/shieldMat.mat using Guid(b805a41b73fc5a94bb25f1a2ad7ee0fc) Importer(815301076,1909f56bfc062723c751e8b465ee728b)  -> (artifact id: '22b8e843376bd3e2b667b71cbcb456f3') in 0.064305 seconds 
========================================================================
Received Import Request.
  Time since last request: 5.148093 seconds.
  path: Assets/Polytope Studio/Lowpoly Medieval Demos/Skeleton_Free_Asset/Skybox.mat
  artifactKey: Guid(71ab0d4e00afc78418b59beb2191baf5) Importer(815301076,1909f56bfc062723c751e8b465ee728b)
Start importing Assets/Polytope Studio/Lowpoly Medieval Demos/Skeleton_Free_Asset/Skybox.mat using Guid(71ab0d4e00afc78418b59beb2191baf5) Importer(815301076,1909f56bfc062723c751e8b465ee728b)  -> (artifact id: '7391fe26f3d145c369d02a7d40e5f5d2') in 0.043466 seconds 
========================================================================
Received Import Request.
  Time since last request: 13.895047 seconds.
  path: Assets/Blink/Art/Characters/LowPoly/FREE_HumanLowPoly/Meshes_Humans/ArmorMeshes_Humans/StarterArmor_HumanMale.fbx
  artifactKey: Guid(ecec9226167ad6a449f4f1b112b740b3) Importer(815301076,1909f56bfc062723c751e8b465ee728b)
Start importing Assets/Blink/Art/Characters/LowPoly/FREE_HumanLowPoly/Meshes_Humans/ArmorMeshes_Humans/StarterArmor_HumanMale.fbx using Guid(ecec9226167ad6a449f4f1b112b740b3) Importer(815301076,1909f56bfc062723c751e8b465ee728b)  -> (artifact id: 'df9d6e0f2529d7798f8b76a811c30ce8') in 0.061632 seconds 
========================================================================
Received Import Request.
  Time since last request: 46.144198 seconds.
  path: Assets/Tree_Textures/normal_specular.png
  artifactKey: Guid(dc05cd0c13438594e96e8c1bc8d4169b) Importer(815301076,1909f56bfc062723c751e8b465ee728b)
Start importing Assets/Tree_Textures/normal_specular.png using Guid(dc05cd0c13438594e96e8c1bc8d4169b) Importer(815301076,1909f56bfc062723c751e8b465ee728b)  -> (artifact id: 'f269c0cc1fe3e40efb0bb33ec97e08af') in 0.019148 seconds 
========================================================================
Received Import Request.
  Time since last request: 16.706069 seconds.
  path: Assets/StylizedCharacter/Textures/Item/Weapon/T_Axe_Newbie_01_Cl_D.tga
  artifactKey: Guid(b69b3bca4bff47c0bbf964b97e30549b) Importer(815301076,1909f56bfc062723c751e8b465ee728b)
Start importing Assets/StylizedCharacter/Textures/Item/Weapon/T_Axe_Newbie_01_Cl_D.tga using Guid(b69b3bca4bff47c0bbf964b97e30549b) Importer(815301076,1909f56bfc062723c751e8b465ee728b)  -> (artifact id: '8cddd4e9787bc90daec0519935431593') in 0.036795 seconds 
========================================================================
Received Import Request.
  Time since last request: 0.000017 seconds.
  path: Assets/StylizedCharacter/Textures/Item/Weapon/T_Shield_Newbie_01_Rd_D.tga
  artifactKey: Guid(1405287f846947c6a315be4ba902ce9d) Importer(815301076,1909f56bfc062723c751e8b465ee728b)
Start importing Assets/StylizedCharacter/Textures/Item/Weapon/T_Shield_Newbie_01_Rd_D.tga using Guid(1405287f846947c6a315be4ba902ce9d) Importer(815301076,1909f56bfc062723c751e8b465ee728b)  -> (artifact id: '7634c87847649558b3a3a09c3923e9db') in 0.013240 seconds 
========================================================================
Received Import Request.
  Time since last request: 0.000015 seconds.
  path: Assets/StylizedCharacter/Textures/Item/Weapon/T_Bow_Newbie_01_Bl_D.tga
  artifactKey: Guid(a18a7f0d360a4503b70d2127271558a7) Importer(815301076,1909f56bfc062723c751e8b465ee728b)
Start importing Assets/StylizedCharacter/Textures/Item/Weapon/T_Bow_Newbie_01_Bl_D.tga using Guid(a18a7f0d360a4503b70d2127271558a7) Importer(815301076,1909f56bfc062723c751e8b465ee728b)  -> (artifact id: '1d0b50591dd457972f977394cbd79f02') in 0.014024 seconds 
========================================================================
Received Import Request.
  Time since last request: 0.000018 seconds.
  path: Assets/StylizedCharacter/Textures/Item/Weapon/T_Staff_Newbie_01_N.tga
  artifactKey: Guid(321f04b58e264ea381fab578beec5fa1) Importer(815301076,1909f56bfc062723c751e8b465ee728b)
Start importing Assets/StylizedCharacter/Textures/Item/Weapon/T_Staff_Newbie_01_N.tga using Guid(321f04b58e264ea381fab578beec5fa1) Importer(815301076,1909f56bfc062723c751e8b465ee728b)  -> (artifact id: '17c870bb0b3492266be46fa3d918ea6c') in 0.016747 seconds 
========================================================================
Received Import Request.
  Time since last request: 0.000022 seconds.
  path: Assets/StylizedCharacter/Textures/Item/Weapon/T_Staff_Newbie_01_Rd_D.tga
  artifactKey: Guid(6bdc63b73afd4fb4b42f57ae0d223abb) Importer(815301076,1909f56bfc062723c751e8b465ee728b)
Start importing Assets/StylizedCharacter/Textures/Item/Weapon/T_Staff_Newbie_01_Rd_D.tga using Guid(6bdc63b73afd4fb4b42f57ae0d223abb) Importer(815301076,1909f56bfc062723c751e8b465ee728b)  -> (artifact id: '06a61d6a009e2d29929b35438930b911') in 0.014257 seconds 
========================================================================
Received Import Request.
  Time since last request: 0.000023 seconds.
  path: Assets/StylizedCharacter/Textures/Item/Weapon/T_Dagger_Newbie_01_Gn_D.tga
  artifactKey: Guid(c73f815b16ac4420ae5c2670b0fc92d4) Importer(815301076,1909f56bfc062723c751e8b465ee728b)
Start importing Assets/StylizedCharacter/Textures/Item/Weapon/T_Dagger_Newbie_01_Gn_D.tga using Guid(c73f815b16ac4420ae5c2670b0fc92d4) Importer(815301076,1909f56bfc062723c751e8b465ee728b)  -> (artifact id: '00c9bed0225d8abf7197c62f03171017') in 0.012593 seconds 
========================================================================
Received Import Request.
  Time since last request: 0.000076 seconds.
  path: Assets/StylizedCharacter/Textures/Item/Weapon/T_Bow_Newbie_01_N.tga
  artifactKey: Guid(5dc64c192d3d4513b6669c34a7f1a3eb) Importer(815301076,1909f56bfc062723c751e8b465ee728b)
Start importing Assets/StylizedCharacter/Textures/Item/Weapon/T_Bow_Newbie_01_N.tga using Guid(5dc64c192d3d4513b6669c34a7f1a3eb) Importer(815301076,1909f56bfc062723c751e8b465ee728b)  -> (artifact id: '82eb98024882480f0367addb4289d04a') in 0.014450 seconds 
========================================================================
Received Import Request.
  Time since last request: 36.312394 seconds.
  path: Assets/Polytope Studio/Lowpoly Medieval Environments/Sources/Textures/PT_Grass_01.png
  artifactKey: Guid(1b92b31acbcdce24ba9dc6d01dbc2e84) Importer(815301076,1909f56bfc062723c751e8b465ee728b)
Start importing Assets/Polytope Studio/Lowpoly Medieval Environments/Sources/Textures/PT_Grass_01.png using Guid(1b92b31acbcdce24ba9dc6d01dbc2e84) Importer(815301076,1909f56bfc062723c751e8b465ee728b)  -> (artifact id: 'f20d70083840deabb38372f2a8b3f07d') in 0.011157 seconds 
========================================================================
Received Import Request.
  Time since last request: 0.009172 seconds.
  path: Assets/Polytope Studio/Lowpoly Medieval Environments/Sources/Textures/PT_Medieval_Grass_01.png
  artifactKey: Guid(4ff20847a3416854f8ef5b193af94e49) Importer(815301076,1909f56bfc062723c751e8b465ee728b)
Start importing Assets/Polytope Studio/Lowpoly Medieval Environments/Sources/Textures/PT_Medieval_Grass_01.png using Guid(4ff20847a3416854f8ef5b193af94e49) Importer(815301076,1909f56bfc062723c751e8b465ee728b)  -> (artifact id: '681b0200d77688c664e2a62f42467fc5') in 0.013368 seconds 
========================================================================
Received Import Request.
  Time since last request: 0.000015 seconds.
  path: Assets/Polytope Studio/Lowpoly Medieval Environments/Sources/Textures/PT_Medieval_Mountain_Texture_01.png
  artifactKey: Guid(e53001c6fcc7c0f48b421b5aad8226f1) Importer(815301076,1909f56bfc062723c751e8b465ee728b)
Start importing Assets/Polytope Studio/Lowpoly Medieval Environments/Sources/Textures/PT_Medieval_Mountain_Texture_01.png using Guid(e53001c6fcc7c0f48b421b5aad8226f1) Importer(815301076,1909f56bfc062723c751e8b465ee728b)  -> (artifact id: '89ca70cdd4a490b9d68722ff1b0f7afc') in 0.018184 seconds 
========================================================================
Received Import Request.
  Time since last request: 0.000021 seconds.
  path: Assets/Polytope Studio/Lowpoly Medieval Environments/Sources/Textures/PT_Rocks_01.png
  artifactKey: Guid(a195a893970f3ab4990bd06e18a0b308) Importer(815301076,1909f56bfc062723c751e8b465ee728b)
Start importing Assets/Polytope Studio/Lowpoly Medieval Environments/Sources/Textures/PT_Rocks_01.png using Guid(a195a893970f3ab4990bd06e18a0b308) Importer(815301076,1909f56bfc062723c751e8b465ee728b)  -> (artifact id: 'c6194501c7ebd6ed0c1d0af796fcb6aa') in 0.013756 seconds 
Editor requested this worker to shutdown with reason: Scaling down because of idle timeout
AssetImportWorker is now disconnected from the server
Process exiting
Exiting without the bug reporter. Application will terminate with return code 0